#
# A fatal error has been detected by the Java Runtime Environment:
#
#  SIGSEGV (0xb) at pc=0x00007f38c5122009, pid=32520, tid=32552
#
# JRE version: OpenJDK Runtime Environment (9.0) (build 9-internal+0-2016-04-14-195246.buildd.src)
# Java VM: OpenJDK 64-Bit Server VM (9-internal+0-2016-04-14-195246.buildd.src, mixed mode, tiered, compressed oops, g1 gc, linux-amd64)
# Problematic frame:
# C  [libjava.so+0x1d009]  JNU_GetEnv+0x19
#
# Core dump will be written. Default location: Core dumps may be processed with "/usr/share/apport/apport %p %s %c %d %P" (or dumping to /home/daneluzzitiago/Downloads/codigos_antigos/Java/DeskChess 13-11/core.32520)
#
# If you would like to submit a bug report, please visit:
#   http://bugreport.java.com/bugreport/crash.jsp
# The crash happened outside the Java Virtual Machine in native code.
# See problematic frame for where to report the bug.
#

---------------  S U M M A R Y ------------

Command Line: -Dfile.encoding=UTF-8 deskchess.Main

Host: Intel(R) Core(TM) i7-7500U CPU @ 2.70GHz, 4 cores, 7G, elementary OS 0.4.1 Loki
Time: Tue Oct  8 21:12:06 2019 -03 elapsed time: 5 seconds (0d 0h 0m 5s)

---------------  T H R E A D  ---------------

Current thread (0x00007f38c0302000):  JavaThread "AWT-EventQueue-0" [_thread_in_native, id=32552, stack(0x00007f3864176000,0x00007f3864277000)]

Stack: [0x00007f3864176000,0x00007f3864277000],  sp=0x00007f3864271870,  free space=1006k
Native frames: (J=compiled Java code, j=interpreted, Vv=VM code, C=native code)
C  [libjava.so+0x1d009]  JNU_GetEnv+0x19
C  [libfontmanager.so+0x33f8e]
C  [libfreetype.so.6+0x14d2b]  FT_Stream_Seek+0x1b

Java frames: (J=compiled Java code, j=interpreted, Vv=VM code)
j  sun.font.FreetypeFontScaler.initNativeScaler(Lsun/font/Font2D;IIZI)J+0 java.desktop@9-internal
j  sun.font.FreetypeFontScaler.<init>(Lsun/font/Font2D;IZI)V+26 java.desktop@9-internal
v  ~StubRoutines::call_stub
j  sun.reflect.NativeConstructorAccessorImpl.newInstance0(Ljava/lang/reflect/Constructor;[Ljava/lang/Object;)Ljava/lang/Object;+0 java.base@9-internal
j  sun.reflect.NativeConstructorAccessorImpl.newInstance([Ljava/lang/Object;)Ljava/lang/Object;+85 java.base@9-internal
j  sun.reflect.DelegatingConstructorAccessorImpl.newInstance([Ljava/lang/Object;)Ljava/lang/Object;+5 java.base@9-internal
j  java.lang.reflect.Constructor.newInstance([Ljava/lang/Object;)Ljava/lang/Object;+65 java.base@9-internal
j  sun.font.FontScaler.getScaler(Lsun/font/Font2D;IZI)Lsun/font/FontScaler;+39 java.desktop@9-internal
j  sun.font.TrueTypeFont.getScaler()Lsun/font/FontScaler;+21 java.desktop@9-internal
j  sun.font.FileFontStrike.<init>(Lsun/font/FileFont;Lsun/font/FontStrikeDesc;)V+204 java.desktop@9-internal
j  sun.font.FileFont.createStrike(Lsun/font/FontStrikeDesc;)Lsun/font/FontStrike;+18 java.desktop@9-internal
j  sun.font.Font2D.getStrike(Lsun/font/FontStrikeDesc;Z)Lsun/font/FontStrike;+92 java.desktop@9-internal
j  sun.font.Font2D.getStrike(Lsun/font/FontStrikeDesc;)Lsun/font/FontStrike;+3 java.desktop@9-internal
j  sun.font.CompositeStrike.getStrikeForSlot(I)Lsun/font/PhysicalStrike;+23 java.desktop@9-internal
j  sun.font.CompositeStrike.getFontMetrics()Lsun/font/StrikeMetrics;+31 java.desktop@9-internal
j  sun.font.FontDesignMetrics.initMatrixAndMetrics()V+28 java.desktop@9-internal
j  sun.font.FontDesignMetrics.<init>(Ljava/awt/Font;Ljava/awt/font/FontRenderContext;)V+62 java.desktop@9-internal
j  sun.font.FontDesignMetrics.getMetrics(Ljava/awt/Font;Ljava/awt/font/FontRenderContext;)Lsun/font/FontDesignMetrics;+128 java.desktop@9-internal
j  sun.swing.SwingUtilities2.getFontMetrics(Ljavax/swing/JComponent;Ljava/awt/Font;)Ljava/awt/FontMetrics;+15 java.desktop@9-internal
j  javax.swing.JComponent.getFontMetrics(Ljava/awt/Font;)Ljava/awt/FontMetrics;+2 java.desktop@9-internal
j  javax.swing.plaf.basic.BasicLabelUI.getPreferredSize(Ljavax/swing/JComponent;)Ljava/awt/Dimension;+144 java.desktop@9-internal
j  javax.swing.plaf.basic.BasicLabelUI.getMinimumSize(Ljavax/swing/JComponent;)Ljava/awt/Dimension;+2 java.desktop@9-internal
j  javax.swing.JComponent.getMinimumSize()Ljava/awt/Dimension;+26 java.desktop@9-internal
j  javax.swing.GroupLayout$ComponentSpring.calculateNonlinkedMinimumSize(I)I+64 java.desktop@9-internal
j  javax.swing.GroupLayout$ComponentSpring.calculateMinimumSize(I)I+17 java.desktop@9-internal
j  javax.swing.GroupLayout$Spring.getMinimumSize(I)I+13 java.desktop@9-internal
j  javax.swing.GroupLayout$ComponentSpring.calculatePreferredSize(I)I+17 java.desktop@9-internal
j  javax.swing.GroupLayout$Spring.getPreferredSize(I)I+13 java.desktop@9-internal
j  javax.swing.GroupLayout$Group.getSpringSize(Ljavax/swing/GroupLayout$Spring;II)I+36 java.desktop@9-internal
j  javax.swing.GroupLayout$Group.calculateSize(II)I+54 java.desktop@9-internal
j  javax.swing.GroupLayout$Group.calculatePreferredSize(I)I+3 java.desktop@9-internal
j  javax.swing.GroupLayout$Spring.getPreferredSize(I)I+13 java.desktop@9-internal
j  javax.swing.GroupLayout$Group.getSpringSize(Ljavax/swing/GroupLayout$Spring;II)I+36 java.desktop@9-internal
j  javax.swing.GroupLayout$Group.calculateSize(II)I+43 java.desktop@9-internal
j  javax.swing.GroupLayout$Group.calculatePreferredSize(I)I+3 java.desktop@9-internal
j  javax.swing.GroupLayout$Spring.getPreferredSize(I)I+13 java.desktop@9-internal
j  javax.swing.GroupLayout$Group.getSpringSize(Ljavax/swing/GroupLayout$Spring;II)I+36 java.desktop@9-internal
j  javax.swing.GroupLayout$Group.calculateSize(II)I+87 java.desktop@9-internal
j  javax.swing.GroupLayout$Group.calculatePreferredSize(I)I+3 java.desktop@9-internal
j  javax.swing.GroupLayout$Spring.getPreferredSize(I)I+13 java.desktop@9-internal
j  javax.swing.GroupLayout$Group.getSpringSize(Ljavax/swing/GroupLayout$Spring;II)I+36 java.desktop@9-internal
j  javax.swing.GroupLayout$Group.calculateSize(II)I+29 java.desktop@9-internal
j  javax.swing.GroupLayout$Group.calculatePreferredSize(I)I+3 java.desktop@9-internal
j  javax.swing.GroupLayout$Spring.getPreferredSize(I)I+13 java.desktop@9-internal
j  javax.swing.GroupLayout$Group.getSpringSize(Ljavax/swing/GroupLayout$Spring;II)I+36 java.desktop@9-internal
j  javax.swing.GroupLayout$Group.calculateSize(II)I+29 java.desktop@9-internal
j  javax.swing.GroupLayout$Group.calculatePreferredSize(I)I+3 java.desktop@9-internal
j  javax.swing.GroupLayout$Spring.getPreferredSize(I)I+13 java.desktop@9-internal
j  javax.swing.GroupLayout.calculateAutopadding(Ljavax/swing/GroupLayout$Group;IIII)V+44 java.desktop@9-internal
j  javax.swing.GroupLayout.prepare(I)V+219 java.desktop@9-internal
j  javax.swing.GroupLayout.preferredLayoutSize(Ljava/awt/Container;)Ljava/awt/Dimension;+7 java.desktop@9-internal
j  java.awt.Container.preferredSize()Ljava/awt/Dimension;+43 java.desktop@9-internal
j  java.awt.Container.getPreferredSize()Ljava/awt/Dimension;+1 java.desktop@9-internal
j  javax.swing.JComponent.getPreferredSize()Ljava/awt/Dimension;+39 java.desktop@9-internal
j  javax.swing.JRootPane$RootLayout.preferredLayoutSize(Ljava/awt/Container;)Ljava/awt/Dimension;+26 java.desktop@9-internal
j  java.awt.Container.preferredSize()Ljava/awt/Dimension;+43 java.desktop@9-internal
j  java.awt.Container.getPreferredSize()Ljava/awt/Dimension;+1 java.desktop@9-internal
j  javax.swing.JComponent.getPreferredSize()Ljava/awt/Dimension;+39 java.desktop@9-internal
j  java.awt.BorderLayout.preferredLayoutSize(Ljava/awt/Container;)Ljava/awt/Dimension;+157 java.desktop@9-internal
j  java.awt.Container.preferredSize()Ljava/awt/Dimension;+43 java.desktop@9-internal
j  java.awt.Container.getPreferredSize()Ljava/awt/Dimension;+1 java.desktop@9-internal
j  java.awt.Window.pack()V+32 java.desktop@9-internal
j  view.DeskChessFrame.initComponents()V+1527
j  view.DeskChessFrame.<init>(Lview/Tabuleiro;)V+5
j  deskchess.Main$1.run()V+13
j  java.awt.event.InvocationEvent.dispatch()V+47 java.desktop@9-internal
j  java.awt.EventQueue.dispatchEventImpl(Ljava/awt/AWTEvent;Ljava/lang/Object;)V+21 java.desktop@9-internal
j  java.awt.EventQueue.access$500(Ljava/awt/EventQueue;Ljava/awt/AWTEvent;Ljava/lang/Object;)V+3 java.desktop@9-internal
j  java.awt.EventQueue$3.run()Ljava/lang/Void;+32 java.desktop@9-internal
j  java.awt.EventQueue$3.run()Ljava/lang/Object;+1 java.desktop@9-internal
v  ~StubRoutines::call_stub
j  java.security.AccessController.doPrivileged(Ljava/security/PrivilegedAction;Ljava/security/AccessControlContext;)Ljava/lang/Object;+0 java.base@9-internal
j  java.security.ProtectionDomain$JavaSecurityAccessImpl.doIntersectionPrivilege(Ljava/security/PrivilegedAction;Ljava/security/AccessControlContext;Ljava/security/AccessControlContext;)Ljava/lang/Object;+18 java.base@9-internal
j  java.awt.EventQueue.dispatchEvent(Ljava/awt/AWTEvent;)V+46 java.desktop@9-internal
j  java.awt.EventDispatchThread.pumpOneEventForFilters(I)V+183 java.desktop@9-internal
j  java.awt.EventDispatchThread.pumpEventsForFilter(ILjava/awt/Conditional;Ljava/awt/EventFilter;)V+35 java.desktop@9-internal
j  java.awt.EventDispatchThread.pumpEventsForHierarchy(ILjava/awt/Conditional;Ljava/awt/Component;)V+11 java.desktop@9-internal
j  java.awt.EventDispatchThread.pumpEvents(ILjava/awt/Conditional;)V+4 java.desktop@9-internal
j  java.awt.EventDispatchThread.pumpEvents(Ljava/awt/Conditional;)V+3 java.desktop@9-internal
j  java.awt.EventDispatchThread.run()V+9 java.desktop@9-internal
v  ~StubRoutines::call_stub

siginfo: si_signo: 11 (SIGSEGV), si_code: 1 (SEGV_MAPERR), si_addr: 0x0000000000000000

Register to memory mapping:

RAX=0x0000000000000000 is an unknown value
RBX=0x0000000000000000 is an unknown value
RCX=0x0000000000000000 is an unknown value
RDX=0x0000000000010002 is an unknown value
RSP=0x00007f3864271870 is pointing into the stack for thread: 0x00007f38c0302000
RBP=0x00007f3864271880 is pointing into the stack for thread: 0x00007f38c0302000
RSI=0x0000000000010002 is an unknown value
RDI=0x0000000000000000 is an unknown value
R8 =0x0000000000000000 is an unknown value
R9 =0x0000000001334000 is an unknown value
R10=0x00000000000001db is an unknown value
R11=0x00007f38c5121ff0: JNU_GetEnv+0x0000000000000000 in /usr/lib/jvm/java-9-openjdk-amd64/lib/amd64/libjava.so at 0x00007f38c5105000
R12=0x00007f383008dc10 is an unknown value
R13=0x0000000000000000 is an unknown value
R14=0x0000000000000000 is an unknown value
R15=0x00007f3831333f70 is an unknown value


Registers:
RAX=0x0000000000000000, RBX=0x0000000000000000, RCX=0x0000000000000000, RDX=0x0000000000010002
RSP=0x00007f3864271870, RBP=0x00007f3864271880, RSI=0x0000000000010002, RDI=0x0000000000000000
R8 =0x0000000000000000, R9 =0x0000000001334000, R10=0x00000000000001db, R11=0x00007f38c5121ff0
R12=0x00007f383008dc10, R13=0x0000000000000000, R14=0x0000000000000000, R15=0x00007f3831333f70
RIP=0x00007f38c5122009, EFLAGS=0x0000000000010246, CSGSFS=0x002b000000000033, ERR=0x0000000000000004
  TRAPNO=0x000000000000000e

Top of Stack: (sp=0x00007f3864271870)
0x00007f3864271870:   0000000000000000 1a4c03207688e300
0x00007f3864271880:   00007f38642718c0 00007f3864e8cf8e
0x00007f3864271890:   00007f3830000078 00007f383008dc10
0x00007f38642718a0:   0000000000000000 0000000000000000
0x00007f38642718b0:   00007f383008dc10 00007f3831333f70
0x00007f38642718c0:   0000000000000000 00007f3864bc3d2b
0x00007f38642718d0:   0000000000000000 00007f3864e55d80
0x00007f38642718e0:   0000000000000000 00007f3864bd78e0
0x00007f38642718f0:   0000000000000002 0000003200000008
0x00007f3864271900:   0000000000000000 0000000000000000
0x00007f3864271910:   0000006e0000005b 0000000000000000
0x00007f3864271920:   0000000000000000 0000007c00000077
0x00007f3864271930:   0000000000000001 0000003100000006
0x00007f3864271940:   0000000000000000 0000000000000000
0x00007f3864271950:   0000006e0000005b 00007f3830000020
0x00007f3864271960:   0000000000000070 00007f3864271a14
0x00007f3864271970:   00007f383008eaf0 00007f3831333f70
0x00007f3864271980:   00007f3864271a14 00007f38c7830184
0x00007f3864271990:   00007f38c67a7f00 00007f38642719c4
0x00007f38642719a0:   00007f3864e529e0 1a4c03207688e300
0x00007f38642719b0:   0000000000000070 00007f383008dd20
0x00007f38642719c0:   00007f3864e529e0 00007f3864271ad8
0x00007f38642719d0:   00007f383008eaf0 00007f3831333f70
0x00007f38642719e0:   00007f38313344a0 00007f3864bc64c2
0x00007f38642719f0:   0000000100000000 00007f3864271ae0
0x00007f3864271a00:   0000000000000000 0000000000000000
0x00007f3864271a10:   0000000064271ad8 1a4c03207688e300
0x00007f3864271a20:   00007f383008dd20 00007f3864271ae0
0x00007f3864271a30:   0000000000000000 00007f38313335a8
0x00007f3864271a40:   00007f3864271ce0 00007f3831333508
0x00007f3864271a50:   00007f383008eaf0 00007f3864bc8581
0x00007f3864271a60:   00007f3864271ae0 00007f3864bc8376 

Instructions: (pc=0x00007f38c5122009)
0x00007f38c5121fe9:   ff eb ea 0f 1f 40 00 55 89 f2 48 89 e5 48 83 ec
0x00007f38c5121ff9:   10 64 48 8b 04 25 28 00 00 00 48 89 45 f8 31 c0
0x00007f38c5122009:   48 8b 07 48 8d 75 f0 ff 50 30 48 8b 4d f8 64 48
0x00007f38c5122019:   33 0c 25 28 00 00 00 48 8b 45 f0 75 02 c9 c3 e8 


---------------  P R O C E S S  ---------------

Java Threads: ( => current thread )
  0x00007f3824001000 JavaThread "SeedGenerator Thread" daemon [_thread_blocked, id=32576, stack(0x00007f384cafe000,0x00007f384cbff000)]
  0x00007f3830100000 JavaThread "SeedGenerator Thread" daemon [_thread_in_Java, id=32553, stack(0x00007f3864075000,0x00007f3864176000)]
  0x00007f38c0011000 JavaThread "DestroyJavaVM" [_thread_blocked, id=32521, stack(0x00007f38c7e8a000,0x00007f38c7f8b000)]
=>0x00007f38c0302000 JavaThread "AWT-EventQueue-0" [_thread_in_native, id=32552, stack(0x00007f3864176000,0x00007f3864277000)]
  0x00007f38c0300800 JavaThread "AWT-Shutdown" [_thread_blocked, id=32551, stack(0x00007f3864277000,0x00007f3864378000)]
  0x00007f38c02fc000 JavaThread "AWT-XAWT" daemon [_thread_in_native, id=32550, stack(0x00007f3864378000,0x00007f3864479000)]
  0x00007f38c02de800 JavaThread "Java2D Disposer" daemon [_thread_blocked, id=32549, stack(0x00007f3864889000,0x00007f386498a000)]
  0x00007f38c022d000 JavaThread "Service Thread" daemon [_thread_blocked, id=32547, stack(0x00007f387845a000,0x00007f387855b000)]
  0x00007f38c017f800 JavaThread "Common-Cleaner" daemon [_thread_blocked, id=32546, stack(0x00007f387855b000,0x00007f387865c000)]
  0x00007f38c0168000 JavaThread "Sweeper thread" daemon [_thread_blocked, id=32545, stack(0x00007f3878a86000,0x00007f3878b87000)]
  0x00007f38c0166000 JavaThread "C1 CompilerThread2" daemon [_thread_blocked, id=32544, stack(0x00007f3878b87000,0x00007f3878c88000)]
  0x00007f38c0164000 JavaThread "C2 CompilerThread1" daemon [_thread_blocked, id=32543, stack(0x00007f3878c88000,0x00007f3878d89000)]
  0x00007f38c0162000 JavaThread "C2 CompilerThread0" daemon [_thread_blocked, id=32542, stack(0x00007f3878d89000,0x00007f3878e8a000)]
  0x00007f38c015e000 JavaThread "Signal Dispatcher" daemon [_thread_blocked, id=32541, stack(0x00007f3878e8a000,0x00007f3878f8b000)]
  0x00007f38c015c000 JavaThread "Surrogate Locker Thread (Concurrent GC)" daemon [_thread_blocked, id=32540, stack(0x00007f3878f8b000,0x00007f387908c000)]
  0x00007f38c0149000 JavaThread "Finalizer" daemon [_thread_blocked, id=32539, stack(0x00007f387908c000,0x00007f387918d000)]
  0x00007f38c0145000 JavaThread "Reference Handler" daemon [_thread_blocked, id=32538, stack(0x00007f387918d000,0x00007f387928e000)]

Other Threads:
  0x00007f38c013b000 VMThread [stack: 0x00007f387928e000,0x00007f387938f000] [id=32537]
  0x00007f38c0230000 WatcherThread [stack: 0x00007f3878359000,0x00007f387845a000] [id=32548]

Threads with active compile tasks:

VM state:not at safepoint (normal execution)

VM Mutex/Monitor currently owned by a thread: None

heap address: 0x0000000084a00000, size: 1974 MB, Compressed Oops mode: 32-bit
Narrow klass base: 0x0000000000000000, Narrow klass shift: 3
Compressed class space size: 1073741824 Address: 0x0000000100000000

Heap:
 garbage-first heap   total 126976K, used 4782K [0x0000000084a00000, 0x0000000084b003e0, 0x0000000100000000)
  region size 1024K, 4 young (4096K), 1 survivors (1024K)
 Metaspace       used 13416K, capacity 13868K, committed 14080K, reserved 1060864K
  class space    used 1583K, capacity 1755K, committed 1792K, reserved 1048576K

Heap Regions: E=young(eden), S=young(survivor), O=old, HS=humongous(starts), HC=humongous(continues), CS=collection set, F=free, A=archive, TS=gc time stamp, AC=allocation context, TAMS=top-at-mark-start (previous, next)
|   0|0x0000000084a00000, 0x0000000084b00000, 0x0000000084b00000|100%| O|  |TS  1|AC  0|TAMS 0x0000000084a00000, 0x0000000084a00000|
|   1|0x0000000084b00000, 0x0000000084bab800, 0x0000000084c00000| 66%| O|  |TS  1|AC  0|TAMS 0x0000000084b00000, 0x0000000084b00000|
|   2|0x0000000084c00000, 0x0000000084c00000, 0x0000000084d00000|  0%| F|  |TS  0|AC  0|TAMS 0x0000000084c00000, 0x0000000084c00000|
|   3|0x0000000084d00000, 0x0000000084d00000, 0x0000000084e00000|  0%| F|  |TS  0|AC  0|TAMS 0x0000000084d00000, 0x0000000084d00000|
|   4|0x0000000084e00000, 0x0000000084e00000, 0x0000000084f00000|  0%| F|  |TS  0|AC  0|TAMS 0x0000000084e00000, 0x0000000084e00000|
|   5|0x0000000084f00000, 0x0000000084f00000, 0x0000000085000000|  0%| F|  |TS  0|AC  0|TAMS 0x0000000084f00000, 0x0000000084f00000|
|   6|0x0000000085000000, 0x0000000085000000, 0x0000000085100000|  0%| F|  |TS  0|AC  0|TAMS 0x0000000085000000, 0x0000000085000000|
|   7|0x0000000085100000, 0x0000000085100000, 0x0000000085200000|  0%| F|  |TS  0|AC  0|TAMS 0x0000000085100000, 0x0000000085100000|
|   8|0x0000000085200000, 0x0000000085200000, 0x0000000085300000|  0%| F|  |TS  0|AC  0|TAMS 0x0000000085200000, 0x0000000085200000|
|   9|0x0000000085300000, 0x0000000085300000, 0x0000000085400000|  0%| F|  |TS  0|AC  0|TAMS 0x0000000085300000, 0x0000000085300000|
|  10|0x0000000085400000, 0x0000000085400000, 0x0000000085500000|  0%| F|  |TS  0|AC  0|TAMS 0x0000000085400000, 0x0000000085400000|
|  11|0x0000000085500000, 0x0000000085500000, 0x0000000085600000|  0%| F|  |TS  0|AC  0|TAMS 0x0000000085500000, 0x0000000085500000|
|  12|0x0000000085600000, 0x0000000085600000, 0x0000000085700000|  0%| F|  |TS  0|AC  0|TAMS 0x0000000085600000, 0x0000000085600000|
|  13|0x0000000085700000, 0x0000000085700000, 0x0000000085800000|  0%| F|  |TS  0|AC  0|TAMS 0x0000000085700000, 0x0000000085700000|
|  14|0x0000000085800000, 0x0000000085800000, 0x0000000085900000|  0%| F|  |TS  0|AC  0|TAMS 0x0000000085800000, 0x0000000085800000|
|  15|0x0000000085900000, 0x0000000085900000, 0x0000000085a00000|  0%| F|  |TS  0|AC  0|TAMS 0x0000000085900000, 0x0000000085900000|
|  16|0x0000000085a00000, 0x0000000085a00000, 0x0000000085b00000|  0%| F|  |TS  0|AC  0|TAMS 0x0000000085a00000, 0x0000000085a00000|
|  17|0x0000000085b00000, 0x0000000085b00000, 0x0000000085c00000|  0%| F|  |TS  0|AC  0|TAMS 0x0000000085b00000, 0x0000000085b00000|
|  18|0x0000000085c00000, 0x0000000085c00000, 0x0000000085d00000|  0%| F|  |TS  0|AC  0|TAMS 0x0000000085c00000, 0x0000000085c00000|
|  19|0x0000000085d00000, 0x0000000085d00000, 0x0000000085e00000|  0%| F|  |TS  0|AC  0|TAMS 0x0000000085d00000, 0x0000000085d00000|
|  20|0x0000000085e00000, 0x0000000085e00000, 0x0000000085f00000|  0%| F|  |TS  0|AC  0|TAMS 0x0000000085e00000, 0x0000000085e00000|
|  21|0x0000000085f00000, 0x0000000085f00000, 0x0000000086000000|  0%| F|  |TS  0|AC  0|TAMS 0x0000000085f00000, 0x0000000085f00000|
|  22|0x0000000086000000, 0x0000000086000000, 0x0000000086100000|  0%| F|  |TS  0|AC  0|TAMS 0x0000000086000000, 0x0000000086000000|
|  23|0x0000000086100000, 0x0000000086100000, 0x0000000086200000|  0%| F|  |TS  0|AC  0|TAMS 0x0000000086100000, 0x0000000086100000|
|  24|0x0000000086200000, 0x0000000086200000, 0x0000000086300000|  0%| F|  |TS  0|AC  0|TAMS 0x0000000086200000, 0x0000000086200000|
|  25|0x0000000086300000, 0x0000000086300000, 0x0000000086400000|  0%| F|  |TS  0|AC  0|TAMS 0x0000000086300000, 0x0000000086300000|
|  26|0x0000000086400000, 0x0000000086400000, 0x0000000086500000|  0%| F|  |TS  0|AC  0|TAMS 0x0000000086400000, 0x0000000086400000|
|  27|0x0000000086500000, 0x0000000086500000, 0x0000000086600000|  0%| F|  |TS  0|AC  0|TAMS 0x0000000086500000, 0x0000000086500000|
|  28|0x0000000086600000, 0x0000000086600000, 0x0000000086700000|  0%| F|  |TS  0|AC  0|TAMS 0x0000000086600000, 0x0000000086600000|
|  29|0x0000000086700000, 0x0000000086700000, 0x0000000086800000|  0%| F|  |TS  0|AC  0|TAMS 0x0000000086700000, 0x0000000086700000|
|  30|0x0000000086800000, 0x0000000086800000, 0x0000000086900000|  0%| F|  |TS  0|AC  0|TAMS 0x0000000086800000, 0x0000000086800000|
|  31|0x0000000086900000, 0x0000000086900000, 0x0000000086a00000|  0%| F|  |TS  0|AC  0|TAMS 0x0000000086900000, 0x0000000086900000|
|  32|0x0000000086a00000, 0x0000000086a00000, 0x0000000086b00000|  0%| F|  |TS  0|AC  0|TAMS 0x0000000086a00000, 0x0000000086a00000|
|  33|0x0000000086b00000, 0x0000000086b00000, 0x0000000086c00000|  0%| F|  |TS  0|AC  0|TAMS 0x0000000086b00000, 0x0000000086b00000|
|  34|0x0000000086c00000, 0x0000000086c00000, 0x0000000086d00000|  0%| F|  |TS  0|AC  0|TAMS 0x0000000086c00000, 0x0000000086c00000|
|  35|0x0000000086d00000, 0x0000000086d00000, 0x0000000086e00000|  0%| F|  |TS  0|AC  0|TAMS 0x0000000086d00000, 0x0000000086d00000|
|  36|0x0000000086e00000, 0x0000000086e00000, 0x0000000086f00000|  0%| F|  |TS  0|AC  0|TAMS 0x0000000086e00000, 0x0000000086e00000|
|  37|0x0000000086f00000, 0x0000000086f00000, 0x0000000087000000|  0%| F|  |TS  0|AC  0|TAMS 0x0000000086f00000, 0x0000000086f00000|
|  38|0x0000000087000000, 0x0000000087000000, 0x0000000087100000|  0%| F|  |TS  0|AC  0|TAMS 0x0000000087000000, 0x0000000087000000|
|  39|0x0000000087100000, 0x0000000087100000, 0x0000000087200000|  0%| F|  |TS  0|AC  0|TAMS 0x0000000087100000, 0x0000000087100000|
|  40|0x0000000087200000, 0x0000000087200000, 0x0000000087300000|  0%| F|  |TS  0|AC  0|TAMS 0x0000000087200000, 0x0000000087200000|
|  41|0x0000000087300000, 0x0000000087300000, 0x0000000087400000|  0%| F|  |TS  0|AC  0|TAMS 0x0000000087300000, 0x0000000087300000|
|  42|0x0000000087400000, 0x0000000087400000, 0x0000000087500000|  0%| F|  |TS  0|AC  0|TAMS 0x0000000087400000, 0x0000000087400000|
|  43|0x0000000087500000, 0x0000000087500000, 0x0000000087600000|  0%| F|  |TS  0|AC  0|TAMS 0x0000000087500000, 0x0000000087500000|
|  44|0x0000000087600000, 0x0000000087600000, 0x0000000087700000|  0%| F|  |TS  0|AC  0|TAMS 0x0000000087600000, 0x0000000087600000|
|  45|0x0000000087700000, 0x0000000087700000, 0x0000000087800000|  0%| F|  |TS  0|AC  0|TAMS 0x0000000087700000, 0x0000000087700000|
|  46|0x0000000087800000, 0x0000000087800000, 0x0000000087900000|  0%| F|  |TS  0|AC  0|TAMS 0x0000000087800000, 0x0000000087800000|
|  47|0x0000000087900000, 0x0000000087900000, 0x0000000087a00000|  0%| F|  |TS  0|AC  0|TAMS 0x0000000087900000, 0x0000000087900000|
|  48|0x0000000087a00000, 0x0000000087a00000, 0x0000000087b00000|  0%| F|  |TS  0|AC  0|TAMS 0x0000000087a00000, 0x0000000087a00000|
|  49|0x0000000087b00000, 0x0000000087b00000, 0x0000000087c00000|  0%| F|  |TS  0|AC  0|TAMS 0x0000000087b00000, 0x0000000087b00000|
|  50|0x0000000087c00000, 0x0000000087c00000, 0x0000000087d00000|  0%| F|  |TS  0|AC  0|TAMS 0x0000000087c00000, 0x0000000087c00000|
|  51|0x0000000087d00000, 0x0000000087d00000, 0x0000000087e00000|  0%| F|  |TS  0|AC  0|TAMS 0x0000000087d00000, 0x0000000087d00000|
|  52|0x0000000087e00000, 0x0000000087e00000, 0x0000000087f00000|  0%| F|  |TS  0|AC  0|TAMS 0x0000000087e00000, 0x0000000087e00000|
|  53|0x0000000087f00000, 0x0000000087f00000, 0x0000000088000000|  0%| F|  |TS  0|AC  0|TAMS 0x0000000087f00000, 0x0000000087f00000|
|  54|0x0000000088000000, 0x0000000088000000, 0x0000000088100000|  0%| F|  |TS  0|AC  0|TAMS 0x0000000088000000, 0x0000000088000000|
|  55|0x0000000088100000, 0x0000000088100000, 0x0000000088200000|  0%| F|  |TS  0|AC  0|TAMS 0x0000000088100000, 0x0000000088100000|
|  56|0x0000000088200000, 0x0000000088200000, 0x0000000088300000|  0%| F|  |TS  0|AC  0|TAMS 0x0000000088200000, 0x0000000088200000|
|  57|0x0000000088300000, 0x0000000088300000, 0x0000000088400000|  0%| F|  |TS  0|AC  0|TAMS 0x0000000088300000, 0x0000000088300000|
|  58|0x0000000088400000, 0x0000000088400000, 0x0000000088500000|  0%| F|  |TS  0|AC  0|TAMS 0x0000000088400000, 0x0000000088400000|
|  59|0x0000000088500000, 0x0000000088500000, 0x0000000088600000|  0%| F|  |TS  0|AC  0|TAMS 0x0000000088500000, 0x0000000088500000|
|  60|0x0000000088600000, 0x0000000088600000, 0x0000000088700000|  0%| F|  |TS  0|AC  0|TAMS 0x0000000088600000, 0x0000000088600000|
|  61|0x0000000088700000, 0x0000000088700000, 0x0000000088800000|  0%| F|  |TS  0|AC  0|TAMS 0x0000000088700000, 0x0000000088700000|
|  62|0x0000000088800000, 0x0000000088800000, 0x0000000088900000|  0%| F|  |TS  0|AC  0|TAMS 0x0000000088800000, 0x0000000088800000|
|  63|0x0000000088900000, 0x0000000088900000, 0x0000000088a00000|  0%| F|  |TS  0|AC  0|TAMS 0x0000000088900000, 0x0000000088900000|
|  64|0x0000000088a00000, 0x0000000088a00000, 0x0000000088b00000|  0%| F|  |TS  0|AC  0|TAMS 0x0000000088a00000, 0x0000000088a00000|
|  65|0x0000000088b00000, 0x0000000088b00000, 0x0000000088c00000|  0%| F|  |TS  0|AC  0|TAMS 0x0000000088b00000, 0x0000000088b00000|
|  66|0x0000000088c00000, 0x0000000088c00000, 0x0000000088d00000|  0%| F|  |TS  0|AC  0|TAMS 0x0000000088c00000, 0x0000000088c00000|
|  67|0x0000000088d00000, 0x0000000088d00000, 0x0000000088e00000|  0%| F|  |TS  0|AC  0|TAMS 0x0000000088d00000, 0x0000000088d00000|
|  68|0x0000000088e00000, 0x0000000088e00000, 0x0000000088f00000|  0%| F|  |TS  0|AC  0|TAMS 0x0000000088e00000, 0x0000000088e00000|
|  69|0x0000000088f00000, 0x0000000088f00000, 0x0000000089000000|  0%| F|  |TS  0|AC  0|TAMS 0x0000000088f00000, 0x0000000088f00000|
|  70|0x0000000089000000, 0x0000000089000000, 0x0000000089100000|  0%| F|  |TS  0|AC  0|TAMS 0x0000000089000000, 0x0000000089000000|
|  71|0x0000000089100000, 0x0000000089100000, 0x0000000089200000|  0%| F|  |TS  0|AC  0|TAMS 0x0000000089100000, 0x0000000089100000|
|  72|0x0000000089200000, 0x0000000089200000, 0x0000000089300000|  0%| F|  |TS  0|AC  0|TAMS 0x0000000089200000, 0x0000000089200000|
|  73|0x0000000089300000, 0x0000000089300000, 0x0000000089400000|  0%| F|  |TS  0|AC  0|TAMS 0x0000000089300000, 0x0000000089300000|
|  74|0x0000000089400000, 0x0000000089400000, 0x0000000089500000|  0%| F|  |TS  0|AC  0|TAMS 0x0000000089400000, 0x0000000089400000|
|  75|0x0000000089500000, 0x0000000089500000, 0x0000000089600000|  0%| F|  |TS  0|AC  0|TAMS 0x0000000089500000, 0x0000000089500000|
|  76|0x0000000089600000, 0x0000000089600000, 0x0000000089700000|  0%| F|  |TS  0|AC  0|TAMS 0x0000000089600000, 0x0000000089600000|
|  77|0x0000000089700000, 0x0000000089700000, 0x0000000089800000|  0%| F|  |TS  0|AC  0|TAMS 0x0000000089700000, 0x0000000089700000|
|  78|0x0000000089800000, 0x0000000089800000, 0x0000000089900000|  0%| F|  |TS  0|AC  0|TAMS 0x0000000089800000, 0x0000000089800000|
|  79|0x0000000089900000, 0x0000000089900000, 0x0000000089a00000|  0%| F|  |TS  0|AC  0|TAMS 0x0000000089900000, 0x0000000089900000|
|  80|0x0000000089a00000, 0x0000000089a00000, 0x0000000089b00000|  0%| F|  |TS  0|AC  0|TAMS 0x0000000089a00000, 0x0000000089a00000|
|  81|0x0000000089b00000, 0x0000000089b00000, 0x0000000089c00000|  0%| F|  |TS  0|AC  0|TAMS 0x0000000089b00000, 0x0000000089b00000|
|  82|0x0000000089c00000, 0x0000000089c00000, 0x0000000089d00000|  0%| F|  |TS  0|AC  0|TAMS 0x0000000089c00000, 0x0000000089c00000|
|  83|0x0000000089d00000, 0x0000000089d00000, 0x0000000089e00000|  0%| F|  |TS  0|AC  0|TAMS 0x0000000089d00000, 0x0000000089d00000|
|  84|0x0000000089e00000, 0x0000000089e00000, 0x0000000089f00000|  0%| F|  |TS  0|AC  0|TAMS 0x0000000089e00000, 0x0000000089e00000|
|  85|0x0000000089f00000, 0x0000000089f00000, 0x000000008a000000|  0%| F|  |TS  0|AC  0|TAMS 0x0000000089f00000, 0x0000000089f00000|
|  86|0x000000008a000000, 0x000000008a000000, 0x000000008a100000|  0%| F|  |TS  0|AC  0|TAMS 0x000000008a000000, 0x000000008a000000|
|  87|0x000000008a100000, 0x000000008a100000, 0x000000008a200000|  0%| F|  |TS  0|AC  0|TAMS 0x000000008a100000, 0x000000008a100000|
|  88|0x000000008a200000, 0x000000008a200000, 0x000000008a300000|  0%| F|  |TS  0|AC  0|TAMS 0x000000008a200000, 0x000000008a200000|
|  89|0x000000008a300000, 0x000000008a300000, 0x000000008a400000|  0%| F|  |TS  0|AC  0|TAMS 0x000000008a300000, 0x000000008a300000|
|  90|0x000000008a400000, 0x000000008a400000, 0x000000008a500000|  0%| F|  |TS  0|AC  0|TAMS 0x000000008a400000, 0x000000008a400000|
|  91|0x000000008a500000, 0x000000008a500000, 0x000000008a600000|  0%| F|  |TS  0|AC  0|TAMS 0x000000008a500000, 0x000000008a500000|
|  92|0x000000008a600000, 0x000000008a600000, 0x000000008a700000|  0%| F|  |TS  0|AC  0|TAMS 0x000000008a600000, 0x000000008a600000|
|  93|0x000000008a700000, 0x000000008a700000, 0x000000008a800000|  0%| F|  |TS  0|AC  0|TAMS 0x000000008a700000, 0x000000008a700000|
|  94|0x000000008a800000, 0x000000008a800000, 0x000000008a900000|  0%| F|  |TS  0|AC  0|TAMS 0x000000008a800000, 0x000000008a800000|
|  95|0x000000008a900000, 0x000000008a900000, 0x000000008aa00000|  0%| F|  |TS  0|AC  0|TAMS 0x000000008a900000, 0x000000008a900000|
|  96|0x000000008aa00000, 0x000000008aa00000, 0x000000008ab00000|  0%| F|  |TS  0|AC  0|TAMS 0x000000008aa00000, 0x000000008aa00000|
|  97|0x000000008ab00000, 0x000000008ab00000, 0x000000008ac00000|  0%| F|  |TS  0|AC  0|TAMS 0x000000008ab00000, 0x000000008ab00000|
|  98|0x000000008ac00000, 0x000000008ac00000, 0x000000008ad00000|  0%| F|  |TS  0|AC  0|TAMS 0x000000008ac00000, 0x000000008ac00000|
|  99|0x000000008ad00000, 0x000000008ad00000, 0x000000008ae00000|  0%| F|  |TS  0|AC  0|TAMS 0x000000008ad00000, 0x000000008ad00000|
| 100|0x000000008ae00000, 0x000000008ae00000, 0x000000008af00000|  0%| F|  |TS  0|AC  0|TAMS 0x000000008ae00000, 0x000000008ae00000|
| 101|0x000000008af00000, 0x000000008af00000, 0x000000008b000000|  0%| F|  |TS  0|AC  0|TAMS 0x000000008af00000, 0x000000008af00000|
| 102|0x000000008b000000, 0x000000008b000000, 0x000000008b100000|  0%| F|  |TS  0|AC  0|TAMS 0x000000008b000000, 0x000000008b000000|
| 103|0x000000008b100000, 0x000000008b100000, 0x000000008b200000|  0%| F|  |TS  0|AC  0|TAMS 0x000000008b100000, 0x000000008b100000|
| 104|0x000000008b200000, 0x000000008b200000, 0x000000008b300000|  0%| F|  |TS  0|AC  0|TAMS 0x000000008b200000, 0x000000008b200000|
| 105|0x000000008b300000, 0x000000008b300000, 0x000000008b400000|  0%| F|  |TS  0|AC  0|TAMS 0x000000008b300000, 0x000000008b300000|
| 106|0x000000008b400000, 0x000000008b400000, 0x000000008b500000|  0%| F|  |TS  0|AC  0|TAMS 0x000000008b400000, 0x000000008b400000|
| 107|0x000000008b500000, 0x000000008b500000, 0x000000008b600000|  0%| F|  |TS  0|AC  0|TAMS 0x000000008b500000, 0x000000008b500000|
| 108|0x000000008b600000, 0x000000008b600000, 0x000000008b700000|  0%| F|  |TS  0|AC  0|TAMS 0x000000008b600000, 0x000000008b600000|
| 109|0x000000008b700000, 0x000000008b700000, 0x000000008b800000|  0%| F|  |TS  0|AC  0|TAMS 0x000000008b700000, 0x000000008b700000|
| 110|0x000000008b800000, 0x000000008b800000, 0x000000008b900000|  0%| F|  |TS  0|AC  0|TAMS 0x000000008b800000, 0x000000008b800000|
| 111|0x000000008b900000, 0x000000008b900000, 0x000000008ba00000|  0%| F|  |TS  0|AC  0|TAMS 0x000000008b900000, 0x000000008b900000|
| 112|0x000000008ba00000, 0x000000008ba00000, 0x000000008bb00000|  0%| F|  |TS  0|AC  0|TAMS 0x000000008ba00000, 0x000000008ba00000|
| 113|0x000000008bb00000, 0x000000008bb00000, 0x000000008bc00000|  0%| F|  |TS  0|AC  0|TAMS 0x000000008bb00000, 0x000000008bb00000|
| 114|0x000000008bc00000, 0x000000008bc00000, 0x000000008bd00000|  0%| F|  |TS  0|AC  0|TAMS 0x000000008bc00000, 0x000000008bc00000|
| 115|0x000000008bd00000, 0x000000008bd00000, 0x000000008be00000|  0%| F|  |TS  0|AC  0|TAMS 0x000000008bd00000, 0x000000008bd00000|
| 116|0x000000008be00000, 0x000000008bf00000, 0x000000008bf00000|100%| S|CS|TS  1|AC  0|TAMS 0x000000008be00000, 0x000000008be00000|
| 117|0x000000008bf00000, 0x000000008bf00000, 0x000000008c000000|  0%| F|  |TS  0|AC  0|TAMS 0x000000008bf00000, 0x000000008bf00000|
| 118|0x000000008c000000, 0x000000008c000000, 0x000000008c100000|  0%| F|  |TS  0|AC  0|TAMS 0x000000008c000000, 0x000000008c000000|
| 119|0x000000008c100000, 0x000000008c100000, 0x000000008c200000|  0%| F|  |TS  0|AC  0|TAMS 0x000000008c100000, 0x000000008c100000|
| 120|0x000000008c200000, 0x000000008c200000, 0x000000008c300000|  0%| F|  |TS  0|AC  0|TAMS 0x000000008c200000, 0x000000008c200000|
| 121|0x000000008c300000, 0x000000008c380800, 0x000000008c400000| 50%| E|  |TS  0|AC  0|TAMS 0x000000008c300000, 0x000000008c300000|
| 122|0x000000008c400000, 0x000000008c500000, 0x000000008c500000|100%| E|CS|TS  0|AC  0|TAMS 0x000000008c400000, 0x000000008c400000|
| 123|0x000000008c500000, 0x000000008c600000, 0x000000008c600000|100%| E|CS|TS  0|AC  0|TAMS 0x000000008c500000, 0x000000008c500000|

Card table byte_map: [0x00007f38a85b5000,0x00007f38a8990000] byte_map_base: 0x00007f38a8190000

Marking Bits (Prev, Next): (CMBitMap*) 0x00007f38c0060160, (CMBitMap*) 0x00007f38c00601b8
 Prev Bits: [0x00007f3882128000, 0x00007f3884000000)
 Next Bits: [0x00007f3880250000, 0x00007f3882128000)

Polling page: 0x00007f38c7fa8000

CodeHeap 'non-nmethods': size=5696Kb used=1269Kb max_used=1284Kb free=4427Kb
 bounds [0x00007f38a9c51000, 0x00007f38a9ec1000, 0x00007f38aa1e1000]
CodeHeap 'profiled nmethods': size=120032Kb used=1143Kb max_used=1143Kb free=118888Kb
 bounds [0x00007f38aa1e1000, 0x00007f38aa451000, 0x00007f38b1719000]
CodeHeap 'non-profiled nmethods': size=120032Kb used=225Kb max_used=225Kb free=119806Kb
 bounds [0x00007f38b1719000, 0x00007f38b1989000, 0x00007f38b8c51000]
 total_blobs=1394 nmethods=690 adapters=457
 compilation: enabled

Compilation events (10 events):
Event: 5,918 Thread 0x00007f38c0166000  689       3       java.nio.Buffer::nextGetIndex (31 bytes)
Event: 5,918 Thread 0x00007f38c0166000 nmethod 689 0x00007f38aa2fe310 code [0x00007f38aa2fe4a0, 0x00007f38aa2fe6a8]
Event: 5,918 Thread 0x00007f38c0166000  690       3       java.nio.HeapByteBuffer::_get (7 bytes)
Event: 5,918 Thread 0x00007f38c0166000 nmethod 690 0x00007f38aa2fe790 code [0x00007f38aa2fe900, 0x00007f38aa2fea70]
Event: 5,918 Thread 0x00007f38c0166000  691       3       java.nio.DirectByteBuffer::ix (10 bytes)
Event: 5,918 Thread 0x00007f38c0166000 nmethod 691 0x00007f38aa2feb90 code [0x00007f38aa2fed00, 0x00007f38aa2fee50]
Event: 5,929 Thread 0x00007f38c0162000 nmethod 681% 0x00007f38b174ce10 code [0x00007f38b174d300, 0x00007f38b174ebb0]
Event: 5,929 Thread 0x00007f38c0162000  687       4       java.util.concurrent.ConcurrentHashMap::setTabAt (20 bytes)
Event: 5,930 Thread 0x00007f38c0162000 nmethod 687 0x00007f38b174f890 code [0x00007f38b174f9e0, 0x00007f38b174fb18]
Event: 5,933 Thread 0x00007f38c0164000 nmethod 685 0x00007f38b174fb90 code [0x00007f38b174fdc0, 0x00007f38b1750ed0]

GC Heap History (2 events):
Event: 5,880 GC heap before
{Heap before GC invocations=0 (full 0):
 garbage-first heap   total 126976K, used 7168K [0x0000000084a00000, 0x0000000084b003e0, 0x0000000100000000)
  region size 1024K, 7 young (7168K), 0 survivors (0K)
 Metaspace       used 12847K, capacity 13256K, committed 13568K, reserved 1060864K
  class space    used 1518K, capacity 1682K, committed 1792K, reserved 1048576K
}
Event: 5,885 GC heap after
{Heap after GC invocations=1 (full 0):
 garbage-first heap   total 126976K, used 2734K [0x0000000084a00000, 0x0000000084b003e0, 0x0000000100000000)
  region size 1024K, 1 young (1024K), 1 survivors (1024K)
 Metaspace       used 12847K, capacity 13256K, committed 13568K, reserved 1060864K
  class space    used 1518K, capacity 1682K, committed 1792K, reserved 1048576K
}

Deoptimization events (10 events):
Event: 0,092 Thread 0x00007f38c0011000 Uncommon trap: reason=unstable_if action=reinterpret pc=0x00007f38b17223d0 method=java.lang.StringLatin1.replace([BCC)Ljava/lang/String; @ 19
Event: 0,503 Thread 0x00007f38c0302000 Uncommon trap: reason=class_check action=maybe_recompile pc=0x00007f38b17235e4 method=java.util.HashMap.putVal(ILjava/lang/Object;Ljava/lang/Object;ZZ)Ljava/lang/Object; @ 91
Event: 0,503 Thread 0x00007f38c0302000 Uncommon trap: reason=class_check action=maybe_recompile pc=0x00007f38b17235e4 method=java.util.HashMap.putVal(ILjava/lang/Object;Ljava/lang/Object;ZZ)Ljava/lang/Object; @ 91
Event: 0,504 Thread 0x00007f38c0302000 Uncommon trap: reason=unstable_if action=reinterpret pc=0x00007f38b1722c8c method=java.util.HashMap.putVal(ILjava/lang/Object;Ljava/lang/Object;ZZ)Ljava/lang/Object; @ 162
Event: 0,504 Thread 0x00007f38c0302000 Uncommon trap: reason=unstable_if action=reinterpret pc=0x00007f38b1739030 method=java.util.HashMap.resize()[Ljava/util/HashMap$Node; @ 203
Event: 0,551 Thread 0x00007f38c0302000 Uncommon trap: reason=unstable_if action=reinterpret pc=0x00007f38b1724ad0 method=java.util.HashMap.hash(Ljava/lang/Object;)I @ 1
Event: 0,554 Thread 0x00007f38c0302000 Uncommon trap: reason=unstable_if action=reinterpret pc=0x00007f38b171ff08 method=java.util.HashMap.hash(Ljava/lang/Object;)I @ 1
Event: 0,636 Thread 0x00007f38c0302000 Uncommon trap: reason=unstable_fused_if action=reinterpret pc=0x00007f38b172ecf4 method=jdk.internal.org.objectweb.asm.ByteVector.putUTF8(Ljava/lang/String;)Ljdk/internal/org/objectweb/asm/ByteVector; @ 91
Event: 1,124 Thread 0x00007f3830100000 Uncommon trap: reason=unstable_if action=reinterpret pc=0x00007f38b1747ac0 method=sun.security.provider.SeedGenerator$ThreadedSeedGenerator.run()V @ 120
Event: 5,895 Thread 0x00007f38c0302000 Uncommon trap: reason=unstable_if action=reinterpret pc=0x00007f38b17332f4 method=java.lang.String.equals(Ljava/lang/Object;)Z @ 27

Classes redefined (0 events):
No events

Internal exceptions (7 events):
Event: 0,127 Thread 0x00007f38c0011000 Exception <a 'java/lang/ClassNotFoundException': sun/awt/resources/awtProvider> (0x000000008c34fa38) thrown at [/build/openjdk-9-argm_o/openjdk-9-9~b114/src/hotspot/src/share/vm/classfile/systemDictionary.cpp, line 224]
Event: 0,215 Thread 0x00007f38c0011000 Exception <a 'java/io/FileNotFoundException'> (0x000000008c392520) thrown at [/build/openjdk-9-argm_o/openjdk-9-9~b114/src/hotspot/src/share/vm/prims/jni.cpp, line 605]
Event: 0,220 Thread 0x00007f38c0011000 Exception <a 'java/io/FileNotFoundException'> (0x000000008c39a580) thrown at [/build/openjdk-9-argm_o/openjdk-9-9~b114/src/hotspot/src/share/vm/prims/jni.cpp, line 605]
Event: 0,497 Thread 0x00007f38c0302000 Exception <a 'java/lang/ClassNotFoundException': com/sun/swing/internal/plaf/metal/resources/metalProvider> (0x000000008c192858) thrown at [/build/openjdk-9-argm_o/openjdk-9-9~b114/src/hotspot/src/share/vm/classfile/systemDictionary.cpp, line 224]
Event: 0,497 Thread 0x00007f38c0302000 Exception <a 'java/lang/ClassNotFoundException': com/sun/swing/internal/plaf/basic/resources/basicProvider> (0x000000008c196100) thrown at [/build/openjdk-9-argm_o/openjdk-9-9~b114/src/hotspot/src/share/vm/classfile/systemDictionary.cpp, line 224]
Event: 0,551 Thread 0x00007f38c0302000 Implicit null exception at 0x00007f38b1724a38 to 0x00007f38b1724ac6
Event: 0,554 Thread 0x00007f38c0302000 Implicit null exception at 0x00007f38b171fe8f to 0x00007f38b171fef9

Events (10 events):
Event: 5,916 loading class sun/nio/cs/UTF_16$Decoder
Event: 5,916 loading class sun/nio/cs/UnicodeDecoder
Event: 5,916 loading class sun/nio/cs/UnicodeDecoder done
Event: 5,916 loading class sun/nio/cs/UTF_16$Decoder done
Event: 5,916 loading class sun/font/FileFontStrike
Event: 5,916 loading class sun/font/FileFontStrike done
Event: 5,916 loading class sun/font/FontScaler
Event: 5,916 loading class sun/font/FontScaler done
Event: 5,916 loading class sun/font/FreetypeFontScaler
Event: 5,916 loading class sun/font/FreetypeFontScaler done


Dynamic libraries:
00400000-00401000 r-xp 00000000 08:07 2380529                            /usr/lib/jvm/java-9-openjdk-amd64/bin/java
00600000-00601000 r--p 00000000 08:07 2380529                            /usr/lib/jvm/java-9-openjdk-amd64/bin/java
00601000-00602000 rw-p 00001000 08:07 2380529                            /usr/lib/jvm/java-9-openjdk-amd64/bin/java
01405000-01426000 rw-p 00000000 00:00 0                                  [heap]
84a00000-8c600000 rw-p 00000000 00:00 0 
8c600000-100000000 ---p 00000000 00:00 0 
100000000-1001c0000 rw-p 00000000 00:00 0 
1001c0000-140000000 ---p 00000000 00:00 0 
7f381c000000-7f381c021000 rw-p 00000000 00:00 0 
7f381c021000-7f3820000000 ---p 00000000 00:00 0 
7f3824000000-7f3824021000 rw-p 00000000 00:00 0 
7f3824021000-7f3828000000 ---p 00000000 00:00 0 
7f3828000000-7f3828021000 rw-p 00000000 00:00 0 
7f3828021000-7f382c000000 ---p 00000000 00:00 0 
7f382c000000-7f382c021000 rw-p 00000000 00:00 0 
7f382c021000-7f3830000000 ---p 00000000 00:00 0 
7f3830000000-7f3831338000 rw-p 00000000 00:00 0 
7f3831338000-7f3834000000 ---p 00000000 00:00 0 
7f3834000000-7f3834021000 rw-p 00000000 00:00 0 
7f3834021000-7f3838000000 ---p 00000000 00:00 0 
7f3838000000-7f3838021000 rw-p 00000000 00:00 0 
7f3838021000-7f383c000000 ---p 00000000 00:00 0 
7f383c000000-7f383c021000 rw-p 00000000 00:00 0 
7f383c021000-7f3840000000 ---p 00000000 00:00 0 
7f3840000000-7f3840021000 rw-p 00000000 00:00 0 
7f3840021000-7f3844000000 ---p 00000000 00:00 0 
7f3844000000-7f3844021000 rw-p 00000000 00:00 0 
7f3844021000-7f3848000000 ---p 00000000 00:00 0 
7f3848000000-7f3848021000 rw-p 00000000 00:00 0 
7f3848021000-7f384c000000 ---p 00000000 00:00 0 
7f384c9fd000-7f384ca01000 ---p 00000000 00:00 0 
7f384ca01000-7f384cafe000 rw-p 00000000 00:00 0 
7f384cafe000-7f384cb02000 ---p 00000000 00:00 0 
7f384cb02000-7f384cdff000 rw-p 00000000 00:00 0 
7f384cdff000-7f384cfff000 rw-p 00000000 00:00 0 
7f384cfff000-7f3850000000 rw-p 00000000 00:00 0 
7f3850000000-7f385026d000 rw-p 00000000 00:00 0 
7f385026d000-7f3854000000 ---p 00000000 00:00 0 
7f3854000000-7f385422b000 rw-p 00000000 00:00 0 
7f385422b000-7f3858000000 ---p 00000000 00:00 0 
7f3858000000-7f3858021000 rw-p 00000000 00:00 0 
7f3858021000-7f385c000000 ---p 00000000 00:00 0 
7f385c000000-7f385c3e0000 rw-p 00000000 00:00 0 
7f385c3e0000-7f3860000000 ---p 00000000 00:00 0 
7f3860000000-7f3860021000 rw-p 00000000 00:00 0 
7f3860021000-7f3864000000 ---p 00000000 00:00 0 
7f3864075000-7f3864079000 ---p 00000000 00:00 0 
7f3864079000-7f3864176000 rw-p 00000000 00:00 0 
7f3864176000-7f386417a000 ---p 00000000 00:00 0 
7f386417a000-7f3864277000 rw-p 00000000 00:00 0 
7f3864277000-7f386427b000 ---p 00000000 00:00 0 
7f386427b000-7f3864378000 rw-p 00000000 00:00 0 
7f3864378000-7f386437c000 ---p 00000000 00:00 0 
7f386437c000-7f3864479000 rw-p 00000000 00:00 0 
7f3864479000-7f386447e000 r-xp 00000000 08:07 400810                     /usr/lib/x86_64-linux-gnu/libXfixes.so.3.1.0
7f386447e000-7f386467d000 ---p 00005000 08:07 400810                     /usr/lib/x86_64-linux-gnu/libXfixes.so.3.1.0
7f386467d000-7f386467e000 r--p 00004000 08:07 400810                     /usr/lib/x86_64-linux-gnu/libXfixes.so.3.1.0
7f386467e000-7f386467f000 rw-p 00005000 08:07 400810                     /usr/lib/x86_64-linux-gnu/libXfixes.so.3.1.0
7f386467f000-7f3864688000 r-xp 00000000 08:07 401069                     /usr/lib/x86_64-linux-gnu/libXcursor.so.1.0.2
7f3864688000-7f3864887000 ---p 00009000 08:07 401069                     /usr/lib/x86_64-linux-gnu/libXcursor.so.1.0.2
7f3864887000-7f3864888000 r--p 00008000 08:07 401069                     /usr/lib/x86_64-linux-gnu/libXcursor.so.1.0.2
7f3864888000-7f3864889000 rw-p 00009000 08:07 401069                     /usr/lib/x86_64-linux-gnu/libXcursor.so.1.0.2
7f3864889000-7f386488d000 ---p 00000000 00:00 0 
7f386488d000-7f386498a000 rw-p 00000000 00:00 0 
7f386498a000-7f38649ae000 r-xp 00000000 08:07 1050047                    /lib/x86_64-linux-gnu/libpng12.so.0.54.0
7f38649ae000-7f3864bad000 ---p 00024000 08:07 1050047                    /lib/x86_64-linux-gnu/libpng12.so.0.54.0
7f3864bad000-7f3864bae000 r--p 00023000 08:07 1050047                    /lib/x86_64-linux-gnu/libpng12.so.0.54.0
7f3864bae000-7f3864baf000 rw-p 00024000 08:07 1050047                    /lib/x86_64-linux-gnu/libpng12.so.0.54.0
7f3864baf000-7f3864c53000 r-xp 00000000 08:07 401203                     /usr/lib/x86_64-linux-gnu/libfreetype.so.6.12.1
7f3864c53000-7f3864e52000 ---p 000a4000 08:07 401203                     /usr/lib/x86_64-linux-gnu/libfreetype.so.6.12.1
7f3864e52000-7f3864e58000 r--p 000a3000 08:07 401203                     /usr/lib/x86_64-linux-gnu/libfreetype.so.6.12.1
7f3864e58000-7f3864e59000 rw-p 000a9000 08:07 401203                     /usr/lib/x86_64-linux-gnu/libfreetype.so.6.12.1
7f3864e59000-7f3864f1f000 r-xp 00000000 08:07 2380540                    /usr/lib/jvm/java-9-openjdk-amd64/lib/amd64/libfontmanager.so
7f3864f1f000-7f386511e000 ---p 000c6000 08:07 2380540                    /usr/lib/jvm/java-9-openjdk-amd64/lib/amd64/libfontmanager.so
7f386511e000-7f3865121000 r--p 000c5000 08:07 2380540                    /usr/lib/jvm/java-9-openjdk-amd64/lib/amd64/libfontmanager.so
7f3865121000-7f3865122000 rw-p 000c8000 08:07 2380540                    /usr/lib/jvm/java-9-openjdk-amd64/lib/amd64/libfontmanager.so
7f3865122000-7f3865123000 rw-p 00000000 00:00 0 
7f3865123000-7f3865128000 r-xp 00000000 08:07 400806                     /usr/lib/x86_64-linux-gnu/libXdmcp.so.6.0.0
7f3865128000-7f3865327000 ---p 00005000 08:07 400806                     /usr/lib/x86_64-linux-gnu/libXdmcp.so.6.0.0
7f3865327000-7f3865328000 r--p 00004000 08:07 400806                     /usr/lib/x86_64-linux-gnu/libXdmcp.so.6.0.0
7f3865328000-7f3865329000 rw-p 00005000 08:07 400806                     /usr/lib/x86_64-linux-gnu/libXdmcp.so.6.0.0
7f3865329000-7f386532b000 r-xp 00000000 08:07 400795                     /usr/lib/x86_64-linux-gnu/libXau.so.6.0.0
7f386532b000-7f386552b000 ---p 00002000 08:07 400795                     /usr/lib/x86_64-linux-gnu/libXau.so.6.0.0
7f386552b000-7f386552c000 r--p 00002000 08:07 400795                     /usr/lib/x86_64-linux-gnu/libXau.so.6.0.0
7f386552c000-7f386552d000 rw-p 00003000 08:07 400795                     /usr/lib/x86_64-linux-gnu/libXau.so.6.0.0
7f386552d000-7f386554e000 r-xp 00000000 08:07 402046                     /usr/lib/x86_64-linux-gnu/libxcb.so.1.1.0
7f386554e000-7f386574d000 ---p 00021000 08:07 402046                     /usr/lib/x86_64-linux-gnu/libxcb.so.1.1.0
7f386574d000-7f386574e000 r--p 00020000 08:07 402046                     /usr/lib/x86_64-linux-gnu/libxcb.so.1.1.0
7f386574e000-7f386574f000 rw-p 00021000 08:07 402046                     /usr/lib/x86_64-linux-gnu/libxcb.so.1.1.0
7f386574f000-7f386575e000 r-xp 00000000 08:07 400818                     /usr/lib/x86_64-linux-gnu/libXi.so.6.1.0
7f386575e000-7f386595d000 ---p 0000f000 08:07 400818                     /usr/lib/x86_64-linux-gnu/libXi.so.6.1.0
7f386595d000-7f386595e000 r--p 0000e000 08:07 400818                     /usr/lib/x86_64-linux-gnu/libXi.so.6.1.0
7f386595e000-7f386595f000 rw-p 0000f000 08:07 400818                     /usr/lib/x86_64-linux-gnu/libXi.so.6.1.0
7f386595f000-7f3865964000 r-xp 00000000 08:07 400836                     /usr/lib/x86_64-linux-gnu/libXtst.so.6.1.0
7f3865964000-7f3865b63000 ---p 00005000 08:07 400836                     /usr/lib/x86_64-linux-gnu/libXtst.so.6.1.0
7f3865b63000-7f3865b64000 r--p 00004000 08:07 400836                     /usr/lib/x86_64-linux-gnu/libXtst.so.6.1.0
7f3865b64000-7f3865b65000 rw-p 00005000 08:07 400836                     /usr/lib/x86_64-linux-gnu/libXtst.so.6.1.0
7f3865b65000-7f3865b6e000 r-xp 00000000 08:07 400830                     /usr/lib/x86_64-linux-gnu/libXrender.so.1.3.0
7f3865b6e000-7f3865d6d000 ---p 00009000 08:07 400830                     /usr/lib/x86_64-linux-gnu/libXrender.so.1.3.0
7f3865d6d000-7f3865d6e000 r--p 00008000 08:07 400830                     /usr/lib/x86_64-linux-gnu/libXrender.so.1.3.0
7f3865d6e000-7f3865d6f000 rw-p 00009000 08:07 400830                     /usr/lib/x86_64-linux-gnu/libXrender.so.1.3.0
7f3865d6f000-7f3865ea4000 r-xp 00000000 08:07 393755                     /usr/lib/x86_64-linux-gnu/libX11.so.6.3.0
7f3865ea4000-7f38660a4000 ---p 00135000 08:07 393755                     /usr/lib/x86_64-linux-gnu/libX11.so.6.3.0
7f38660a4000-7f38660a5000 r--p 00135000 08:07 393755                     /usr/lib/x86_64-linux-gnu/libX11.so.6.3.0
7f38660a5000-7f38660a9000 rw-p 00136000 08:07 393755                     /usr/lib/x86_64-linux-gnu/libX11.so.6.3.0
7f38660a9000-7f38660ba000 r-xp 00000000 08:07 400808                     /usr/lib/x86_64-linux-gnu/libXext.so.6.4.0
7f38660ba000-7f38662b9000 ---p 00011000 08:07 400808                     /usr/lib/x86_64-linux-gnu/libXext.so.6.4.0
7f38662b9000-7f38662ba000 r--p 00010000 08:07 400808                     /usr/lib/x86_64-linux-gnu/libXext.so.6.4.0
7f38662ba000-7f38662bb000 rw-p 00011000 08:07 400808                     /usr/lib/x86_64-linux-gnu/libXext.so.6.4.0
7f38662bb000-7f3866312000 r-xp 00000000 08:07 2380576                    /usr/lib/jvm/java-9-openjdk-amd64/lib/amd64/libawt_xawt.so
7f3866312000-7f3866512000 ---p 00057000 08:07 2380576                    /usr/lib/jvm/java-9-openjdk-amd64/lib/amd64/libawt_xawt.so
7f3866512000-7f3866513000 r--p 00057000 08:07 2380576                    /usr/lib/jvm/java-9-openjdk-amd64/lib/amd64/libawt_xawt.so
7f3866513000-7f3866516000 rw-p 00058000 08:07 2380576                    /usr/lib/jvm/java-9-openjdk-amd64/lib/amd64/libawt_xawt.so
7f3866516000-7f3866517000 rw-p 00000000 00:00 0 
7f3866517000-7f3868000000 r--p 00000000 08:07 397065                     /usr/lib/locale/locale-archive
7f3868000000-7f3868021000 rw-p 00000000 00:00 0 
7f3868021000-7f386c000000 ---p 00000000 00:00 0 
7f386c000000-7f386c021000 rw-p 00000000 00:00 0 
7f386c021000-7f3870000000 ---p 00000000 00:00 0 
7f3870000000-7f3870021000 rw-p 00000000 00:00 0 
7f3870021000-7f3874000000 ---p 00000000 00:00 0 
7f3874000000-7f3874021000 rw-p 00000000 00:00 0 
7f3874021000-7f3878000000 ---p 00000000 00:00 0 
7f3878060000-7f387806b000 r--s 00000000 08:07 545061                     /var/cache/fontconfig/945677eb7aeaf62f1d50efc3fb3ec7d8-le64.cache-6
7f387806b000-7f3878074000 r--s 00000000 08:07 545065                     /var/cache/fontconfig/a6d8cf8e4ec09cdbc8633c31745a07dd-le64.cache-6
7f3878074000-7f3878089000 r--s 00000000 08:07 545028                     /var/cache/fontconfig/04aabc0a78ac019cf9454389977116d2-le64.cache-6
7f3878089000-7f3878129000 r-xp 00000000 08:07 2380550                    /usr/lib/jvm/java-9-openjdk-amd64/lib/amd64/libawt.so
7f3878129000-7f3878328000 ---p 000a0000 08:07 2380550                    /usr/lib/jvm/java-9-openjdk-amd64/lib/amd64/libawt.so
7f3878328000-7f3878329000 r--p 0009f000 08:07 2380550                    /usr/lib/jvm/java-9-openjdk-amd64/lib/amd64/libawt.so
7f3878329000-7f3878334000 rw-p 000a0000 08:07 2380550                    /usr/lib/jvm/java-9-openjdk-amd64/lib/amd64/libawt.so
7f3878334000-7f3878359000 rw-p 00000000 00:00 0 
7f3878359000-7f387835a000 ---p 00000000 00:00 0 
7f387835a000-7f387845a000 rw-p 00000000 00:00 0 
7f387845a000-7f387845e000 ---p 00000000 00:00 0 
7f387845e000-7f387855b000 rw-p 00000000 00:00 0 
7f387855b000-7f387855f000 ---p 00000000 00:00 0 
7f387855f000-7f387865c000 rw-p 00000000 00:00 0 
7f387865c000-7f3878672000 r-xp 00000000 08:07 2380545                    /usr/lib/jvm/java-9-openjdk-amd64/lib/amd64/libnet.so
7f3878672000-7f3878871000 ---p 00016000 08:07 2380545                    /usr/lib/jvm/java-9-openjdk-amd64/lib/amd64/libnet.so
7f3878871000-7f3878872000 r--p 00015000 08:07 2380545                    /usr/lib/jvm/java-9-openjdk-amd64/lib/amd64/libnet.so
7f3878872000-7f3878873000 rw-p 00016000 08:07 2380545                    /usr/lib/jvm/java-9-openjdk-amd64/lib/amd64/libnet.so
7f3878873000-7f3878884000 r-xp 00000000 08:07 2380577                    /usr/lib/jvm/java-9-openjdk-amd64/lib/amd64/libnio.so
7f3878884000-7f3878a84000 ---p 00011000 08:07 2380577                    /usr/lib/jvm/java-9-openjdk-amd64/lib/amd64/libnio.so
7f3878a84000-7f3878a85000 r--p 00011000 08:07 2380577                    /usr/lib/jvm/java-9-openjdk-amd64/lib/amd64/libnio.so
7f3878a85000-7f3878a86000 rw-p 00012000 08:07 2380577                    /usr/lib/jvm/java-9-openjdk-amd64/lib/amd64/libnio.so
7f3878a86000-7f3878a8a000 ---p 00000000 00:00 0 
7f3878a8a000-7f3878b87000 rw-p 00000000 00:00 0 
7f3878b87000-7f3878b8b000 ---p 00000000 00:00 0 
7f3878b8b000-7f3878c88000 rw-p 00000000 00:00 0 
7f3878c88000-7f3878c8c000 ---p 00000000 00:00 0 
7f3878c8c000-7f3878d89000 rw-p 00000000 00:00 0 
7f3878d89000-7f3878d8d000 ---p 00000000 00:00 0 
7f3878d8d000-7f3878e8a000 rw-p 00000000 00:00 0 
7f3878e8a000-7f3878e8e000 ---p 00000000 00:00 0 
7f3878e8e000-7f3878f8b000 rw-p 00000000 00:00 0 
7f3878f8b000-7f3878f8f000 ---p 00000000 00:00 0 
7f3878f8f000-7f387908c000 rw-p 00000000 00:00 0 
7f387908c000-7f3879090000 ---p 00000000 00:00 0 
7f3879090000-7f387918d000 rw-p 00000000 00:00 0 
7f387918d000-7f3879191000 ---p 00000000 00:00 0 
7f3879191000-7f387928e000 rw-p 00000000 00:00 0 
7f387928e000-7f387928f000 ---p 00000000 00:00 0 
7f387928f000-7f3879c05000 rw-p 00000000 00:00 0 
7f3879c05000-7f387c000000 rw-p 00000000 00:00 0 
7f387c000000-7f387c021000 rw-p 00000000 00:00 0 
7f387c021000-7f3880000000 ---p 00000000 00:00 0 
7f3880001000-7f3880008000 r--s 00000000 08:07 535786                     /var/cache/fontconfig/4be9850f182b35c1350b6bbf2e42601c-le64.cache-6
7f3880008000-7f388000e000 r--s 00000000 08:07 545040                     /var/cache/fontconfig/2cd17615ca594fa2959ae173292e504c-le64.cache-6
7f388000e000-7f388004e000 r--s 00000000 08:07 545034                     /var/cache/fontconfig/0bd3dc0958fa2205aaaa8ebb13e2872b-le64.cache-6
7f388004e000-7f388014f000 rw-p 00000000 00:00 0 
7f388014f000-7f3880150000 ---p 00000000 00:00 0 
7f3880150000-7f3880440000 rw-p 00000000 00:00 0 
7f3880440000-7f3882128000 ---p 00000000 00:00 0 
7f3882128000-7f3882318000 rw-p 00000000 00:00 0 
7f3882318000-7f3884000000 ---p 00000000 00:00 0 
7f3884000000-7f3884021000 rw-p 00000000 00:00 0 
7f3884021000-7f3888000000 ---p 00000000 00:00 0 
7f3888000000-7f3888021000 rw-p 00000000 00:00 0 
7f3888021000-7f388c000000 ---p 00000000 00:00 0 
7f388c000000-7f388c021000 rw-p 00000000 00:00 0 
7f388c021000-7f3890000000 ---p 00000000 00:00 0 
7f3890000000-7f3890021000 rw-p 00000000 00:00 0 
7f3890021000-7f3894000000 ---p 00000000 00:00 0 
7f3894000000-7f3894021000 rw-p 00000000 00:00 0 
7f3894021000-7f3898000000 ---p 00000000 00:00 0 
7f3898000000-7f3898021000 rw-p 00000000 00:00 0 
7f3898021000-7f389c000000 ---p 00000000 00:00 0 
7f389c000000-7f389c021000 rw-p 00000000 00:00 0 
7f389c021000-7f38a0000000 ---p 00000000 00:00 0 
7f38a0000000-7f38a0021000 rw-p 00000000 00:00 0 
7f38a0021000-7f38a4000000 ---p 00000000 00:00 0 
7f38a4000000-7f38a4021000 rw-p 00000000 00:00 0 
7f38a4021000-7f38a8000000 ---p 00000000 00:00 0 
7f38a8005000-7f38a8006000 r--s 00000000 08:07 545036                     /var/cache/fontconfig/0d8c3b2ac0904cb8a57a757ad11a4a08-le64.cache-6
7f38a8006000-7f38a800a000 r--s 00000000 08:07 569762                     /var/cache/fontconfig/de156ccd2eddbdc19d37a45b8b2aac9c-le64.cache-6
7f38a800a000-7f38a800b000 r--s 00000000 08:07 545038                     /var/cache/fontconfig/1ac9eb803944fde146138c791f5cc56a-le64.cache-6
7f38a800b000-7f38a8010000 r--s 00000000 08:07 545083                     /var/cache/fontconfig/eb48934c523a49add3824bfad8846c40-le64.cache-6
7f38a8010000-7f38a8015000 r--s 00000000 08:07 545044                     /var/cache/fontconfig/385c0604a188198f04d133e54aba7fe7-le64.cache-6
7f38a8015000-7f38a8016000 r--s 00000000 08:07 545078                     /var/cache/fontconfig/dc05db6664285cc2f12bf69c139ae4c3-le64.cache-6
7f38a8016000-7f38a801a000 r--s 00000000 08:07 545084                     /var/cache/fontconfig/f0b0891f3a988e97b2aa7c076a1430f3-le64.cache-6
7f38a801a000-7f38a801c000 r--s 00000000 08:07 545055                     /var/cache/fontconfig/6adb16404e170b9523f41c0701dd4690-le64.cache-6
7f38a801c000-7f38a8020000 r--s 00000000 08:07 545058                     /var/cache/fontconfig/7b79abe4499501fcd4e4826394083a53-le64.cache-6
7f38a8020000-7f38a8023000 r--s 00000000 08:07 545045                     /var/cache/fontconfig/3a9914ff62a69b32234685a84fdc926d-le64.cache-6
7f38a8023000-7f38a8026000 r--s 00000000 08:07 545057                     /var/cache/fontconfig/767a8244fc0220cfb567a839d0392e0b-le64.cache-6
7f38a8026000-7f38a802a000 r--s 00000000 08:07 545082                     /var/cache/fontconfig/ea32c683f96734b73b6a7acf745d6442-le64.cache-6
7f38a802a000-7f38a8030000 r--s 00000000 08:07 545060                     /var/cache/fontconfig/8801497958630a81b71ace7c5f9b32a8-le64.cache-6
7f38a8030000-7f38a8037000 r--s 00000000 08:07 545041                     /var/cache/fontconfig/3047814df9a2f067bd2d96a2b9c36e5a-le64.cache-6
7f38a8037000-7f38a803f000 r--s 00000000 08:07 556801                     /var/cache/fontconfig/bf3b770c553c462765856025a94f1ce6-le64.cache-6
7f38a803f000-7f38a8052000 r--s 00000000 08:07 545075                     /var/cache/fontconfig/d52a8644073d54c13679302ca1180695-le64.cache-6
7f38a8052000-7f38a805d000 r--s 00000000 08:07 558909                     /var/cache/fontconfig/d589a48862398ed80a3d6066f4f56f4c-le64.cache-6
7f38a805d000-7f38a80d9000 rw-p 00000000 00:00 0 
7f38a80d9000-7f38a80da000 ---p 00000000 00:00 0 
7f38a80da000-7f38a8218000 rw-p 00000000 00:00 0 
7f38a8218000-7f38a85b5000 ---p 00000000 00:00 0 
7f38a85b5000-7f38a85f3000 rw-p 00000000 00:00 0 
7f38a85f3000-7f38a8d6b000 ---p 00000000 00:00 0 
7f38a8d6b000-7f38a8da9000 rw-p 00000000 00:00 0 
7f38a8da9000-7f38a9146000 ---p 00000000 00:00 0 
7f38a9146000-7f38a9147000 ---p 00000000 00:00 0 
7f38a9147000-7f38a9247000 rw-p 00000000 00:00 0 
7f38a9247000-7f38a9248000 ---p 00000000 00:00 0 
7f38a9248000-7f38a9348000 rw-p 00000000 00:00 0 
7f38a9348000-7f38a9349000 ---p 00000000 00:00 0 
7f38a9349000-7f38a9449000 rw-p 00000000 00:00 0 
7f38a9449000-7f38a944a000 ---p 00000000 00:00 0 
7f38a944a000-7f38a954a000 rw-p 00000000 00:00 0 
7f38a954a000-7f38a954b000 ---p 00000000 00:00 0 
7f38a954b000-7f38a9a4f000 rw-p 00000000 00:00 0 
7f38a9a4f000-7f38a9a50000 ---p 00000000 00:00 0 
7f38a9a50000-7f38a9b50000 rw-p 00000000 00:00 0 
7f38a9b50000-7f38a9b51000 ---p 00000000 00:00 0 
7f38a9b51000-7f38a9c51000 rw-p 00000000 00:00 0 
7f38a9c51000-7f38a9ec1000 rwxp 00000000 00:00 0 
7f38a9ec1000-7f38aa1e1000 ---p 00000000 00:00 0 
7f38aa1e1000-7f38aa451000 rwxp 00000000 00:00 0 
7f38aa451000-7f38b1719000 ---p 00000000 00:00 0 
7f38b1719000-7f38b1989000 rwxp 00000000 00:00 0 
7f38b1989000-7f38b8c51000 ---p 00000000 00:00 0 
7f38b8c51000-7f38c0000000 r--s 00000000 08:07 2380534                    /usr/lib/jvm/java-9-openjdk-amd64/lib/modules
7f38c0000000-7f38c031c000 rw-p 00000000 00:00 0 
7f38c031c000-7f38c4000000 ---p 00000000 00:00 0 
7f38c4000000-7f38c4001000 r--s 00000000 08:07 545033                     /var/cache/fontconfig/0b41ebd278d9388cf5d83f81d476c672-le64.cache-6
7f38c4001000-7f38c4002000 r--s 00000000 08:07 545071                     /var/cache/fontconfig/bab58bb527bb656aaa9f116d68a48d89-le64.cache-6
7f38c4002000-7f38c4008000 r--s 00000000 08:07 545069                     /var/cache/fontconfig/b47c4e1ecd0709278f4910c18777a504-le64.cache-6
7f38c4008000-7f38c40df000 rw-p 00000000 00:00 0 
7f38c40df000-7f38c40e0000 ---p 00000000 00:00 0 
7f38c40e0000-7f38c41e0000 rw-p 00000000 00:00 0 
7f38c41e0000-7f38c41e1000 ---p 00000000 00:00 0 
7f38c41e1000-7f38c42e6000 rw-p 00000000 00:00 0 
7f38c42e6000-7f38c43cc000 ---p 00000000 00:00 0 
7f38c43cc000-7f38c43d1000 rw-p 00000000 00:00 0 
7f38c43d1000-7f38c44b7000 ---p 00000000 00:00 0 
7f38c44b7000-7f38c44bc000 r-xp 00000000 08:07 2380564                    /usr/lib/jvm/java-9-openjdk-amd64/lib/amd64/libjimage.so
7f38c44bc000-7f38c46bb000 ---p 00005000 08:07 2380564                    /usr/lib/jvm/java-9-openjdk-amd64/lib/amd64/libjimage.so
7f38c46bb000-7f38c46bc000 r--p 00004000 08:07 2380564                    /usr/lib/jvm/java-9-openjdk-amd64/lib/amd64/libjimage.so
7f38c46bc000-7f38c46bd000 rw-p 00005000 08:07 2380564                    /usr/lib/jvm/java-9-openjdk-amd64/lib/amd64/libjimage.so
7f38c46bd000-7f38c46c4000 r-xp 00000000 08:07 2380560                    /usr/lib/jvm/java-9-openjdk-amd64/lib/amd64/libzip.so
7f38c46c4000-7f38c48c3000 ---p 00007000 08:07 2380560                    /usr/lib/jvm/java-9-openjdk-amd64/lib/amd64/libzip.so
7f38c48c3000-7f38c48c4000 r--p 00006000 08:07 2380560                    /usr/lib/jvm/java-9-openjdk-amd64/lib/amd64/libzip.so
7f38c48c4000-7f38c48c5000 rw-p 00007000 08:07 2380560                    /usr/lib/jvm/java-9-openjdk-amd64/lib/amd64/libzip.so
7f38c48c5000-7f38c48d0000 r-xp 00000000 08:07 1128414                    /lib/x86_64-linux-gnu/libnss_files-2.23.so
7f38c48d0000-7f38c4acf000 ---p 0000b000 08:07 1128414                    /lib/x86_64-linux-gnu/libnss_files-2.23.so
7f38c4acf000-7f38c4ad0000 r--p 0000a000 08:07 1128414                    /lib/x86_64-linux-gnu/libnss_files-2.23.so
7f38c4ad0000-7f38c4ad1000 rw-p 0000b000 08:07 1128414                    /lib/x86_64-linux-gnu/libnss_files-2.23.so
7f38c4ad1000-7f38c4ad7000 rw-p 00000000 00:00 0 
7f38c4ad7000-7f38c4ae2000 r-xp 00000000 08:07 1128407                    /lib/x86_64-linux-gnu/libnss_nis-2.23.so
7f38c4ae2000-7f38c4ce1000 ---p 0000b000 08:07 1128407                    /lib/x86_64-linux-gnu/libnss_nis-2.23.so
7f38c4ce1000-7f38c4ce2000 r--p 0000a000 08:07 1128407                    /lib/x86_64-linux-gnu/libnss_nis-2.23.so
7f38c4ce2000-7f38c4ce3000 rw-p 0000b000 08:07 1128407                    /lib/x86_64-linux-gnu/libnss_nis-2.23.so
7f38c4ce3000-7f38c4cf9000 r-xp 00000000 08:07 1128412                    /lib/x86_64-linux-gnu/libnsl-2.23.so
7f38c4cf9000-7f38c4ef8000 ---p 00016000 08:07 1128412                    /lib/x86_64-linux-gnu/libnsl-2.23.so
7f38c4ef8000-7f38c4ef9000 r--p 00015000 08:07 1128412                    /lib/x86_64-linux-gnu/libnsl-2.23.so
7f38c4ef9000-7f38c4efa000 rw-p 00016000 08:07 1128412                    /lib/x86_64-linux-gnu/libnsl-2.23.so
7f38c4efa000-7f38c4efc000 rw-p 00000000 00:00 0 
7f38c4efc000-7f38c4f04000 r-xp 00000000 08:07 1128418                    /lib/x86_64-linux-gnu/libnss_compat-2.23.so
7f38c4f04000-7f38c5103000 ---p 00008000 08:07 1128418                    /lib/x86_64-linux-gnu/libnss_compat-2.23.so
7f38c5103000-7f38c5104000 r--p 00007000 08:07 1128418                    /lib/x86_64-linux-gnu/libnss_compat-2.23.so
7f38c5104000-7f38c5105000 rw-p 00008000 08:07 1128418                    /lib/x86_64-linux-gnu/libnss_compat-2.23.so
7f38c5105000-7f38c5130000 r-xp 00000000 08:07 2380544                    /usr/lib/jvm/java-9-openjdk-amd64/lib/amd64/libjava.so
7f38c5130000-7f38c532f000 ---p 0002b000 08:07 2380544                    /usr/lib/jvm/java-9-openjdk-amd64/lib/amd64/libjava.so
7f38c532f000-7f38c5330000 r--p 0002a000 08:07 2380544                    /usr/lib/jvm/java-9-openjdk-amd64/lib/amd64/libjava.so
7f38c5330000-7f38c5332000 rw-p 0002b000 08:07 2380544                    /usr/lib/jvm/java-9-openjdk-amd64/lib/amd64/libjava.so
7f38c5332000-7f38c533f000 r-xp 00000000 08:07 2380546                    /usr/lib/jvm/java-9-openjdk-amd64/lib/amd64/libverify.so
7f38c533f000-7f38c553e000 ---p 0000d000 08:07 2380546                    /usr/lib/jvm/java-9-openjdk-amd64/lib/amd64/libverify.so
7f38c553e000-7f38c5540000 r--p 0000c000 08:07 2380546                    /usr/lib/jvm/java-9-openjdk-amd64/lib/amd64/libverify.so
7f38c5540000-7f38c5541000 rw-p 0000e000 08:07 2380546                    /usr/lib/jvm/java-9-openjdk-amd64/lib/amd64/libverify.so
7f38c5541000-7f38c5548000 r-xp 00000000 08:07 1128392                    /lib/x86_64-linux-gnu/librt-2.23.so
7f38c5548000-7f38c5747000 ---p 00007000 08:07 1128392                    /lib/x86_64-linux-gnu/librt-2.23.so
7f38c5747000-7f38c5748000 r--p 00006000 08:07 1128392                    /lib/x86_64-linux-gnu/librt-2.23.so
7f38c5748000-7f38c5749000 rw-p 00007000 08:07 1128392                    /lib/x86_64-linux-gnu/librt-2.23.so
7f38c5749000-7f38c575f000 r-xp 00000000 08:07 1050182                    /lib/x86_64-linux-gnu/libgcc_s.so.1
7f38c575f000-7f38c595e000 ---p 00016000 08:07 1050182                    /lib/x86_64-linux-gnu/libgcc_s.so.1
7f38c595e000-7f38c595f000 rw-p 00015000 08:07 1050182                    /lib/x86_64-linux-gnu/libgcc_s.so.1
7f38c595f000-7f38c5a67000 r-xp 00000000 08:07 1128420                    /lib/x86_64-linux-gnu/libm-2.23.so
7f38c5a67000-7f38c5c66000 ---p 00108000 08:07 1128420                    /lib/x86_64-linux-gnu/libm-2.23.so
7f38c5c66000-7f38c5c67000 r--p 00107000 08:07 1128420                    /lib/x86_64-linux-gnu/libm-2.23.so
7f38c5c67000-7f38c5c68000 rw-p 00108000 08:07 1128420                    /lib/x86_64-linux-gnu/libm-2.23.so
7f38c5c68000-7f38c5dda000 r-xp 00000000 08:07 393679                     /usr/lib/x86_64-linux-gnu/libstdc++.so.6.0.21
7f38c5dda000-7f38c5fda000 ---p 00172000 08:07 393679                     /usr/lib/x86_64-linux-gnu/libstdc++.so.6.0.21
7f38c5fda000-7f38c5fe4000 r--p 00172000 08:07 393679                     /usr/lib/x86_64-linux-gnu/libstdc++.so.6.0.21
7f38c5fe4000-7f38c5fe6000 rw-p 0017c000 08:07 393679                     /usr/lib/x86_64-linux-gnu/libstdc++.so.6.0.21
7f38c5fe6000-7f38c5fea000 rw-p 00000000 00:00 0 
7f38c5fea000-7f38c6e48000 r-xp 00000000 08:07 2380557                    /usr/lib/jvm/java-9-openjdk-amd64/lib/amd64/server/libjvm.so
7f38c6e48000-7f38c7048000 ---p 00e5e000 08:07 2380557                    /usr/lib/jvm/java-9-openjdk-amd64/lib/amd64/server/libjvm.so
7f38c7048000-7f38c70fa000 r--p 00e5e000 08:07 2380557                    /usr/lib/jvm/java-9-openjdk-amd64/lib/amd64/server/libjvm.so
7f38c70fa000-7f38c712c000 rw-p 00f10000 08:07 2380557                    /usr/lib/jvm/java-9-openjdk-amd64/lib/amd64/server/libjvm.so
7f38c712c000-7f38c7171000 rw-p 00000000 00:00 0 
7f38c7171000-7f38c7189000 r-xp 00000000 08:07 1128404                    /lib/x86_64-linux-gnu/libpthread-2.23.so
7f38c7189000-7f38c7388000 ---p 00018000 08:07 1128404                    /lib/x86_64-linux-gnu/libpthread-2.23.so
7f38c7388000-7f38c7389000 r--p 00017000 08:07 1128404                    /lib/x86_64-linux-gnu/libpthread-2.23.so
7f38c7389000-7f38c738a000 rw-p 00018000 08:07 1128404                    /lib/x86_64-linux-gnu/libpthread-2.23.so
7f38c738a000-7f38c738e000 rw-p 00000000 00:00 0 
7f38c738e000-7f38c7391000 r-xp 00000000 08:07 1128402                    /lib/x86_64-linux-gnu/libdl-2.23.so
7f38c7391000-7f38c7590000 ---p 00003000 08:07 1128402                    /lib/x86_64-linux-gnu/libdl-2.23.so
7f38c7590000-7f38c7591000 r--p 00002000 08:07 1128402                    /lib/x86_64-linux-gnu/libdl-2.23.so
7f38c7591000-7f38c7592000 rw-p 00003000 08:07 1128402                    /lib/x86_64-linux-gnu/libdl-2.23.so
7f38c7592000-7f38c75ab000 r-xp 00000000 08:07 1050334                    /lib/x86_64-linux-gnu/libz.so.1.2.8
7f38c75ab000-7f38c77aa000 ---p 00019000 08:07 1050334                    /lib/x86_64-linux-gnu/libz.so.1.2.8
7f38c77aa000-7f38c77ab000 r--p 00018000 08:07 1050334                    /lib/x86_64-linux-gnu/libz.so.1.2.8
7f38c77ab000-7f38c77ac000 rw-p 00019000 08:07 1050334                    /lib/x86_64-linux-gnu/libz.so.1.2.8
7f38c77ac000-7f38c796c000 r-xp 00000000 08:07 1128417                    /lib/x86_64-linux-gnu/libc-2.23.so
7f38c796c000-7f38c7b6c000 ---p 001c0000 08:07 1128417                    /lib/x86_64-linux-gnu/libc-2.23.so
7f38c7b6c000-7f38c7b70000 r--p 001c0000 08:07 1128417                    /lib/x86_64-linux-gnu/libc-2.23.so
7f38c7b70000-7f38c7b72000 rw-p 001c4000 08:07 1128417                    /lib/x86_64-linux-gnu/libc-2.23.so
7f38c7b72000-7f38c7b76000 rw-p 00000000 00:00 0 
7f38c7b76000-7f38c7b84000 r-xp 00000000 08:07 2380574                    /usr/lib/jvm/java-9-openjdk-amd64/lib/amd64/jli/libjli.so
7f38c7b84000-7f38c7d83000 ---p 0000e000 08:07 2380574                    /usr/lib/jvm/java-9-openjdk-amd64/lib/amd64/jli/libjli.so
7f38c7d83000-7f38c7d84000 r--p 0000d000 08:07 2380574                    /usr/lib/jvm/java-9-openjdk-amd64/lib/amd64/jli/libjli.so
7f38c7d84000-7f38c7d85000 rw-p 0000e000 08:07 2380574                    /usr/lib/jvm/java-9-openjdk-amd64/lib/amd64/jli/libjli.so
7f38c7d85000-7f38c7dab000 r-xp 00000000 08:07 1128403                    /lib/x86_64-linux-gnu/ld-2.23.so
7f38c7dab000-7f38c7dac000 r--s 00000000 08:07 545066                     /var/cache/fontconfig/b036df7bbb72844893df6bcf5570ea7f-le64.cache-6
7f38c7dac000-7f38c7dad000 r--s 00000000 08:07 545051                     /var/cache/fontconfig/575107dd7452b4b2b2b1361909925bb4-le64.cache-6
7f38c7dad000-7f38c7dae000 r--s 00000000 08:07 545049                     /var/cache/fontconfig/56cf4f4769d0f4abc89a4895d7bd3ae1-le64.cache-6
7f38c7dae000-7f38c7daf000 r--s 00000000 08:07 545070                     /var/cache/fontconfig/b9d506c9ac06c20b433354fa67a72993-le64.cache-6
7f38c7daf000-7f38c7db0000 r--s 00000000 08:07 545032                     /var/cache/fontconfig/0b3f2427388044a01a5738fa4b8cc9d1-le64.cache-6
7f38c7db0000-7f38c7db1000 r--s 00000000 08:07 545031                     /var/cache/fontconfig/0941b6d3777f1e64883d36fd6d84a52f-le64.cache-6
7f38c7db1000-7f38c7db2000 r--s 00000000 08:07 545048                     /var/cache/fontconfig/551ecf3b0e8b0bca0f25c0944f561853-le64.cache-6
7f38c7db2000-7f38c7db4000 r--s 00000000 08:07 545081                     /var/cache/fontconfig/e8d703157d3641d20c7e900be2e8d091-le64.cache-6
7f38c7db4000-7f38c7db9000 r--s 00000000 08:07 545067                     /var/cache/fontconfig/b25010134a2e462c779c1c1d5ccbff7b-le64.cache-6
7f38c7db9000-7f38c7dbb000 r--s 00000000 08:07 545054                     /var/cache/fontconfig/6a6dfed4a7d1e4367ef225093de82110-le64.cache-6
7f38c7dbb000-7f38c7dc8000 r--s 00000000 08:07 545030                     /var/cache/fontconfig/089dead882dea3570ffc31a9898cfb69-le64.cache-6
7f38c7dc8000-7f38c7dc9000 r--s 00000000 08:07 545042                     /var/cache/fontconfig/30829fa25452a46451e813d634d7f916-le64.cache-6
7f38c7dc9000-7f38c7dca000 r--s 00000000 08:07 545035                     /var/cache/fontconfig/0c9eb80ebd1c36541ebe2852d3bb0c49-le64.cache-6
7f38c7dca000-7f38c7dce000 r--s 00000000 08:07 545029                     /var/cache/fontconfig/0843ca893a93b5446bad221815920e23-le64.cache-6
7f38c7dce000-7f38c7de0000 r--s 00000000 08:07 545063                     /var/cache/fontconfig/9b89f8e3dae116d678bbf48e5f21f69b-le64.cache-6
7f38c7de0000-7f38c7de3000 r--s 00000000 08:07 545068                     /var/cache/fontconfig/b2d60264172c9fafc2f82e9237d8d959-le64.cache-6
7f38c7de3000-7f38c7de6000 r--s 00000000 08:07 545122                     /var/cache/fontconfig/e13b20fdb08344e0e664864cc2ede53d-le64.cache-6
7f38c7de6000-7f38c7e8a000 rw-p 00000000 00:00 0 
7f38c7e8a000-7f38c7e8e000 ---p 00000000 00:00 0 
7f38c7e8e000-7f38c7f8f000 rw-p 00000000 00:00 0 
7f38c7f8f000-7f38c7f93000 r--s 00000000 08:07 535790                     /var/cache/fontconfig/7ef2298fde41cc6eeb7af42e48b7d293-le64.cache-6
7f38c7f93000-7f38c7f98000 rw-p 00000000 00:00 0 
7f38c7f98000-7f38c7f9f000 ---p 00000000 00:00 0 
7f38c7f9f000-7f38c7fa7000 rw-s 00000000 08:07 2269696                    /tmp/hsperfdata_daneluzzitiago/32520
7f38c7fa7000-7f38c7fa8000 rw-p 00000000 00:00 0 
7f38c7fa8000-7f38c7fa9000 r--p 00000000 00:00 0 
7f38c7fa9000-7f38c7faa000 rw-p 00000000 00:00 0 
7f38c7faa000-7f38c7fab000 r--p 00025000 08:07 1128403                    /lib/x86_64-linux-gnu/ld-2.23.so
7f38c7fab000-7f38c7fac000 rw-p 00026000 08:07 1128403                    /lib/x86_64-linux-gnu/ld-2.23.so
7f38c7fac000-7f38c7fad000 rw-p 00000000 00:00 0 
7ffd3fc8d000-7ffd3fcaf000 rw-p 00000000 00:00 0                          [stack]
7ffd3fcd5000-7ffd3fcd8000 r--p 00000000 00:00 0                          [vvar]
7ffd3fcd8000-7ffd3fcda000 r-xp 00000000 00:00 0                          [vdso]
ffffffffff600000-ffffffffff601000 r-xp 00000000 00:00 0                  [vsyscall]

VM Arguments:
jvm_args: -Dfile.encoding=UTF-8 
java_command: deskchess.Main
java_class_path (initial): /home/daneluzzitiago/Downloads/codigos_antigos/Java/DeskChess 13-11/build/classes
Launcher Type: SUN_STANDARD

Environment Variables:
PATH=/home/daneluzzitiago/.nvm/versions/node/v11.10.1/bin:/home/daneluzzitiago/.rbenv/shims:/home/daneluzzitiago/.rbenv/bin:/home/daneluzzitiago/bin:/home/daneluzzitiago/.local/bin:/usr/local/sbin:/usr/local/bin:/usr/sbin:/usr/bin:/sbin:/bin:/usr/games:/usr/local/games:/home/daneluzzitiago/.rvm/bin:/home/daneluzzitiago/.rvm/bin
SHELL=/bin/bash
DISPLAY=:0

Signal Handlers:
SIGSEGV: [libjvm.so+0xc12c20], sa_mask[0]=11111111011111111101111111111110, sa_flags=SA_RESTART|SA_SIGINFO
SIGBUS: [libjvm.so+0xc12c20], sa_mask[0]=11111111011111111101111111111110, sa_flags=SA_RESTART|SA_SIGINFO
SIGFPE: [libjvm.so+0xc12c20], sa_mask[0]=11111111011111111101111111111110, sa_flags=SA_RESTART|SA_SIGINFO
SIGPIPE: [libjvm.so+0xa3b600], sa_mask[0]=11111111011111111101111111111110, sa_flags=SA_RESTART|SA_SIGINFO
SIGXFSZ: [libjvm.so+0xa3b600], sa_mask[0]=11111111011111111101111111111110, sa_flags=SA_RESTART|SA_SIGINFO
SIGILL: [libjvm.so+0xc12c20], sa_mask[0]=11111111011111111101111111111110, sa_flags=SA_RESTART|SA_SIGINFO
SIGUSR2: [libjvm.so+0xa3b4a0], sa_mask[0]=00100000000000000000000000000000, sa_flags=SA_RESTART|SA_SIGINFO
SIGHUP: [libjvm.so+0xa3b870], sa_mask[0]=11111111011111111101111111111110, sa_flags=SA_RESTART|SA_SIGINFO
SIGINT: [libjvm.so+0xa3b870], sa_mask[0]=11111111011111111101111111111110, sa_flags=SA_RESTART|SA_SIGINFO
SIGTERM: [libjvm.so+0xa3b870], sa_mask[0]=11111111011111111101111111111110, sa_flags=SA_RESTART|SA_SIGINFO
SIGQUIT: [libjvm.so+0xa3b870], sa_mask[0]=11111111011111111101111111111110, sa_flags=SA_RESTART|SA_SIGINFO


---------------  S Y S T E M  ---------------

OS:DISTRIB_ID="elementary"
DISTRIB_RELEASE=0.4.1
DISTRIB_CODENAME=loki
DISTRIB_DESCRIPTION="elementary OS 0.4.1 Loki"
uname:Linux 4.15.0-43-generic #46~16.04.1-Ubuntu SMP Fri Dec 7 13:31:08 UTC 2018 x86_64
libc:glibc 2.23 NPTL 2.23 
rlimit: STACK 8192k, CORE 0k, NPROC 30940, NOFILE 1048576, AS infinity
load average:1,08 1,02 1,02

/proc/meminfo:
MemTotal:        8077320 kB
MemFree:         3525844 kB
MemAvailable:    5239736 kB
Buffers:          185348 kB
Cached:          2218940 kB
SwapCached:            0 kB
Active:          2648540 kB
Inactive:        1529148 kB
Active(anon):    1777584 kB
Inactive(anon):   529628 kB
Active(file):     870956 kB
Inactive(file):   999520 kB
Unevictable:          64 kB
Mlocked:              64 kB
SwapTotal:       8297468 kB
SwapFree:        8297468 kB
Dirty:              1704 kB
Writeback:             0 kB
AnonPages:       1773524 kB
Mapped:           517316 kB
Shmem:            533812 kB
Slab:             224120 kB
SReclaimable:     129480 kB
SUnreclaim:        94640 kB
KernelStack:       12160 kB
PageTables:        57688 kB
NFS_Unstable:          0 kB
Bounce:                0 kB
WritebackTmp:          0 kB
CommitLimit:    12336128 kB
Committed_AS:    9091332 kB
VmallocTotal:   34359738367 kB
VmallocUsed:           0 kB
VmallocChunk:          0 kB
HardwareCorrupted:     0 kB
AnonHugePages:         0 kB
ShmemHugePages:        0 kB
ShmemPmdMapped:        0 kB
CmaTotal:              0 kB
CmaFree:               0 kB
HugePages_Total:       0
HugePages_Free:        0
HugePages_Rsvd:        0
HugePages_Surp:        0
Hugepagesize:       2048 kB
DirectMap4k:      349348 kB
DirectMap2M:     6899712 kB
DirectMap1G:     1048576 kB


CPU:total 4 (2 cores per cpu, 2 threads per core) family 6 model 142 stepping 9, cmov, cx8, fxsr, mmx, sse, sse2, sse3, ssse3, sse4.1, sse4.2, popcnt, avx, avx2, aes, clmul, erms, 3dnowpref, lzcnt, ht, tsc, tscinvbit, bmi1, bmi2, adx

CPU Model and flags from /proc/cpuinfo:
model name	: Intel(R) Core(TM) i7-7500U CPU @ 2.70GHz
flags		: fpu vme de pse tsc msr pae mce cx8 apic sep mtrr pge mca cmov pat pse36 clflush dts acpi mmx fxsr sse sse2 ss ht tm pbe syscall nx pdpe1gb rdtscp lm constant_tsc art arch_perfmon pebs bts rep_good nopl xtopology nonstop_tsc cpuid aperfmperf tsc_known_freq pni pclmulqdq dtes64 monitor ds_cpl vmx est tm2 ssse3 sdbg fma cx16 xtpr pdcm pcid sse4_1 sse4_2 x2apic movbe popcnt tsc_deadline_timer aes xsave avx f16c rdrand lahf_lm abm 3dnowprefetch cpuid_fault epb invpcid_single pti ssbd ibrs ibpb stibp tpr_shadow vnmi flexpriority ept vpid fsgsbase tsc_adjust bmi1 avx2 smep bmi2 erms invpcid mpx rdseed adx smap clflushopt intel_pt xsaveopt xsavec xgetbv1 xsaves dtherm ida arat pln pts hwp hwp_notify hwp_act_window hwp_epp flush_l1d

Memory: 4k page, physical 8077320k(3525844k free), swap 8297468k(8297468k free)

vm_info: OpenJDK 64-Bit Server VM (9-internal+0-2016-04-14-195246.buildd.src) for linux-amd64 JRE (9-internal+0-2016-04-14-195246.buildd.src), built on Apr 14 2016 20:05:37 by "buildd" with gcc 5.3.1 20160413

END.
